2025-02-28 19:00:28 | CARD_CREATION | Card: ADM-ADM-001-20250228-Jf+K1hKvGFac | User: SYSTEM-SECURE | Outcome: SUCCESS
2025-02-28 19:00:28 | CARD_CREATION | Card: EMP-EMP-001-20250228 | User: SYSTEM | Outcome: SUCCESS
2025-02-28 19:00:28 | CARD_CREATION | Card: VIS-VIS-001-20250228 | User: SYSTEM | Outcome: SUCCESS
2025-02-28 19:00:28 | ACCESS_ATTEMPT | Card: ADM-ADM-001-20250228-Jf+K1hKvGFac | Location: Floor: LOW | Outcome: SUCCESS
2025-02-28 19:00:28 | ACCESS_ATTEMPT | Card: ADM-ADM-001-20250228-Jf+K1hKvGFac | Location: Floor: MEDIUM | Outcome: FAILURE
2025-02-28 19:00:28 | ACCESS_ATTEMPT | Card: ADM-ADM-001-20250228-Jf+K1hKvGFac | Location: Floor: HIGH | Outcome: FAILURE
2025-02-28 19:00:28 | ACCESS_ATTEMPT | Card: EMP-EMP-001-20250228 | Location: Floor: LOW | Outcome: SUCCESS
2025-02-28 19:00:28 | ACCESS_ATTEMPT | Card: EMP-EMP-001-20250228 | Location: Floor: MEDIUM | Outcome: FAILURE
2025-02-28 19:00:28 | ACCESS_ATTEMPT | Card: EMP-EMP-001-20250228 | Location: Floor: HIGH | Outcome: FAILURE
2025-02-28 19:00:28 | ACCESS_ATTEMPT | Card: VIS-VIS-001-20250228 | Location: Floor: LOW | Outcome: SUCCESS
2025-02-28 19:00:28 | ACCESS_ATTEMPT | Card: VIS-VIS-001-20250228 | Location: Floor: MEDIUM | Outcome: FAILURE
2025-02-28 19:00:28 | ACCESS_ATTEMPT | Card: VIS-VIS-001-20250228 | Location: Floor: HIGH | Outcome: FAILURE
2025-02-28 19:00:28 | CARD_REVOCATION | Card: VIS-VIS-001-20250228 | User: ADMIN | Outcome: SUCCESS
2025-02-28 19:00:28 | ACCESS_ATTEMPT | Card: VIS-VIS-001-20250228 | Location: Floor: LOW | Outcome: FAILURE
2025-02-28 19:05:04 | CARD_CREATION | Card: ADM-ADM-001-20250228-Jf+K1hKvGFac | User: SYSTEM-SECURE | Outcome: SUCCESS
2025-02-28 19:05:04 | CARD_CREATION | Card: EMP-EMP-001-20250228 | User: SYSTEM | Outcome: SUCCESS
2025-02-28 19:05:04 | CARD_CREATION | Card: VIS-VIS-001-20250228 | User: SYSTEM | Outcome: SUCCESS
2025-02-28 19:05:04 | ACCESS_ATTEMPT | Card: ADM-ADM-001-20250228-Jf+K1hKvGFac | Location: Floor: LOW | Outcome: SUCCESS
2025-02-28 19:05:04 | ACCESS_ATTEMPT | Card: ADM-ADM-001-20250228-Jf+K1hKvGFac | Location: Floor: MEDIUM | Outcome: FAILURE
2025-02-28 19:05:04 | ACCESS_ATTEMPT | Card: ADM-ADM-001-20250228-Jf+K1hKvGFac | Location: Floor: HIGH | Outcome: FAILURE
2025-02-28 19:05:04 | ACCESS_ATTEMPT | Card: EMP-EMP-001-20250228 | Location: Floor: LOW | Outcome: SUCCESS
2025-02-28 19:05:04 | ACCESS_ATTEMPT | Card: EMP-EMP-001-20250228 | Location: Floor: MEDIUM | Outcome: FAILURE
2025-02-28 19:05:04 | ACCESS_ATTEMPT | Card: EMP-EMP-001-20250228 | Location: Floor: HIGH | Outcome: FAILURE
2025-02-28 19:05:04 | ACCESS_ATTEMPT | Card: VIS-VIS-001-20250228 | Location: Floor: LOW | Outcome: SUCCESS
2025-02-28 19:05:04 | ACCESS_ATTEMPT | Card: VIS-VIS-001-20250228 | Location: Floor: MEDIUM | Outcome: FAILURE
2025-02-28 19:05:04 | ACCESS_ATTEMPT | Card: VIS-VIS-001-20250228 | Location: Floor: HIGH | Outcome: FAILURE
2025-02-28 19:05:05 | CARD_REVOCATION | Card: VIS-VIS-001-20250228 | User: ADMIN | Outcome: SUCCESS
2025-02-28 19:05:04 | ACCESS_ATTEMPT | Card: VIS-VIS-001-20250228 | Location: Floor: LOW | Outcome: FAILURE
2025-02-28 19:14:25 | CARD_CREATION | Card: ADM-ADM-001-20250228 | User: SYSTEM | Outcome: SUCCESS
2025-02-28 19:14:25 | CARD_CREATION | Card: VIS-VIS-001-20250228 | User: SYSTEM | Outcome: SUCCESS
2025-02-28 19:14:25 | CARD_CREATION | Card: ADM-ADM-001-20250228 | User: SYSTEM | Outcome: SUCCESS
2025-02-28 19:14:25 | CARD_CREATION | Card: VIS-VIS-001-20250228 | User: SYSTEM | Outcome: SUCCESS
2025-02-28 19:14:25 | CARD_CREATION | Card: ADM-ADM-001-20250228 | User: SYSTEM | Outcome: SUCCESS
2025-02-28 19:14:25 | CARD_CREATION | Card: VIS-VIS-001-20250228 | User: SYSTEM | Outcome: SUCCESS
2025-02-28 19:14:25 | CARD_CREATION | Card: ADM-ADM-001-20250228 | User: SYSTEM | Outcome: SUCCESS
2025-02-28 19:14:25 | CARD_CREATION | Card: VIS-VIS-001-20250228 | User: SYSTEM | Outcome: SUCCESS
2025-02-28 19:14:25 | CARD_CREATION | Card: ADM-ADM-001-20250228 | User: SYSTEM | Outcome: SUCCESS
2025-02-28 19:14:25 | CARD_CREATION | Card: VIS-VIS-001-20250228 | User: SYSTEM | Outcome: SUCCESS
2025-02-28 19:14:25 | CARD_CREATION | Card: ADM-ADMIN-001-20250228 | User: SYSTEM | Outcome: SUCCESS
2025-02-28 19:14:25 | CARD_CREATION | Card: EMP-EMP-001-20250228 | User: SYSTEM | Outcome: SUCCESS
2025-02-28 19:14:25 | CARD_CREATION | Card: VIS-VIS-001-20250228 | User: SYSTEM | Outcome: SUCCESS
2025-02-28 19:14:25 | ACCESS_ATTEMPT | Card: ADM-ADMIN-001-20250228 | Location: Floor: LOW | Outcome: SUCCESS
2025-02-28 19:14:25 | ACCESS_ATTEMPT | Card: EMP-EMP-001-20250228 | Location: Floor: LOW | Outcome: SUCCESS
2025-02-28 19:14:25 | ACCESS_ATTEMPT | Card: VIS-VIS-001-20250228 | Location: Floor: LOW | Outcome: SUCCESS
2025-02-28 19:14:25 | ACCESS_ATTEMPT | Card: ADM-ADMIN-001-20250228 | Location: Floor: LOW | Outcome: FAILURE
2025-02-28 19:14:25 | ACCESS_ATTEMPT | Card: EMP-EMP-001-20250228 | Location: Floor: LOW | Outcome: FAILURE
2025-02-28 19:14:25 | ACCESS_ATTEMPT | Card: VIS-VIS-001-20250228 | Location: Floor: LOW | Outcome: FAILURE
2025-02-28 19:14:25 | CARD_CREATION | Card: ADM-ADMIN-001-20250228 | User: SYSTEM | Outcome: SUCCESS
2025-02-28 19:14:25 | CARD_CREATION | Card: EMP-EMP-001-20250228 | User: SYSTEM | Outcome: SUCCESS
2025-02-28 19:14:25 | CARD_CREATION | Card: VIS-VIS-001-20250228 | User: SYSTEM | Outcome: SUCCESS
2025-02-28 19:14:25 | CARD_CREATION | Card: ADM-ADMIN-001-20250228 | User: SYSTEM | Outcome: SUCCESS
2025-02-28 19:14:25 | CARD_CREATION | Card: EMP-EMP-001-20250228 | User: SYSTEM | Outcome: SUCCESS
2025-02-28 19:14:25 | CARD_CREATION | Card: VIS-VIS-001-20250228 | User: SYSTEM | Outcome: SUCCESS
2025-02-28 19:14:25 | CARD_CREATION | Card: ADM-ADMIN-001-20250228 | User: SYSTEM | Outcome: SUCCESS
2025-02-28 19:14:25 | CARD_CREATION | Card: EMP-EMP-001-20250228 | User: SYSTEM | Outcome: SUCCESS
2025-02-28 19:14:25 | CARD_CREATION | Card: VIS-VIS-001-20250228 | User: SYSTEM | Outcome: SUCCESS
2025-02-28 19:14:25 | CARD_CREATION | Card: TEST-CARD-002 | User: TEST-ADMIN | Outcome: SUCCESS
2025-02-28 19:14:25 | CARD_MODIFICATION | Card: TEST-CARD-003 | User: TEST-MANAGER | Outcome: SUCCESS | modification: Added HIGH floor access
2025-02-28 19:24:25 | CARD_REVOCATION | Card: TEST-CARD-003 | User: TEST-MANAGER | Outcome: SUCCESS
2025-02-28 19:14:25 | ACCESS_ATTEMPT | Card: TEST-CARD-001 | Location: TEST-LOCATION | Outcome: SUCCESS
2025-02-28 19:14:25 | CARD_CREATION | Card: TEST-DEC-1740744865185 | User: TEST-SUPERADMIN | Outcome: SUCCESS
2025-03-01 03:14:25 | CARD_REVOCATION | Card: TEST-DEC-1740744865185 | User: TEST-SUPERADMIN | Outcome: SUCCESS
2025-02-28 19:14:25 | CARD_MODIFICATION | Card: TEST-DEC-1740744865190 | User: TEST-ADMIN | Outcome: SUCCESS | modification: Added access to room 301
2025-02-28 19:14:25 | ACCESS_ATTEMPT | Card: TEST-DEC-1740744865195 | Location: TEST-ROOM | Outcome: SUCCESS
2025-02-28 19:14:25 | CARD_CREATION | Card: STA-STD-123-20250228 | User: SYSTEM | Outcome: SUCCESS
2025-02-28 19:14:25 | CARD_CREATION | Card: SEC-SEC-456-20250228-UAK+dEVMrYdH | User: SYSTEM-SECURE | Outcome: SUCCESS
2025-02-28 19:14:25 | CARD_CREATION | Card: TES-COMP-789-20250228 | User: SYSTEM | Outcome: SUCCESS
2025-02-28 19:14:25 | CARD_CREATION | Card: TES-COMP-789-20250228-iUzlY5a3KNSx | User: SYSTEM-SECURE | Outcome: SUCCESS
2025-02-28 19:17:52 | CARD_CREATION | Card: ADM-ADM-001-20250228-Jf+K1hKvGFac | User: SYSTEM-SECURE | Outcome: SUCCESS
2025-02-28 19:17:52 | CARD_CREATION | Card: EMP-EMP-001-20250228 | User: SYSTEM | Outcome: SUCCESS
2025-02-28 19:17:52 | CARD_CREATION | Card: VIS-VIS-001-20250228 | User: SYSTEM | Outcome: SUCCESS
2025-02-28 19:17:52 | ACCESS_ATTEMPT | Card: ADM-ADM-001-20250228-Jf+K1hKvGFac | Location: Floor: LOW | Outcome: SUCCESS
2025-02-28 19:17:52 | ACCESS_ATTEMPT | Card: ADM-ADM-001-20250228-Jf+K1hKvGFac | Location: Floor: MEDIUM | Outcome: FAILURE
2025-02-28 19:17:52 | ACCESS_ATTEMPT | Card: ADM-ADM-001-20250228-Jf+K1hKvGFac | Location: Floor: HIGH | Outcome: FAILURE
2025-02-28 19:17:52 | ACCESS_ATTEMPT | Card: EMP-EMP-001-20250228 | Location: Floor: LOW | Outcome: SUCCESS
2025-02-28 19:17:52 | ACCESS_ATTEMPT | Card: EMP-EMP-001-20250228 | Location: Floor: MEDIUM | Outcome: FAILURE
2025-02-28 19:17:52 | ACCESS_ATTEMPT | Card: EMP-EMP-001-20250228 | Location: Floor: HIGH | Outcome: FAILURE
2025-02-28 19:17:52 | ACCESS_ATTEMPT | Card: VIS-VIS-001-20250228 | Location: Floor: LOW | Outcome: SUCCESS
2025-02-28 19:17:52 | ACCESS_ATTEMPT | Card: VIS-VIS-001-20250228 | Location: Floor: MEDIUM | Outcome: FAILURE
2025-02-28 19:17:52 | ACCESS_ATTEMPT | Card: VIS-VIS-001-20250228 | Location: Floor: HIGH | Outcome: FAILURE
2025-02-28 19:17:53 | CARD_REVOCATION | Card: VIS-VIS-001-20250228 | User: ADMIN | Outcome: SUCCESS
2025-02-28 19:17:52 | ACCESS_ATTEMPT | Card: VIS-VIS-001-20250228 | Location: Floor: LOW | Outcome: FAILURE
2025-02-28 19:28:12 | CARD_CREATION | Card: ADM-ADM-001-20250228-Jf+K1hKvGFac | User: SYSTEM-SECURE | Outcome: SUCCESS
2025-02-28 19:28:12 | CARD_CREATION | Card: EMP-EMP-001-20250228 | User: SYSTEM | Outcome: SUCCESS
2025-02-28 19:28:12 | CARD_CREATION | Card: VIS-VIS-001-20250228 | User: SYSTEM | Outcome: SUCCESS
2025-02-28 19:28:12 | ACCESS_ATTEMPT | Card: ADM-ADM-001-20250228-Jf+K1hKvGFac | Location: Floor: LOW | Outcome: SUCCESS
2025-02-28 19:28:12 | ACCESS_ATTEMPT | Card: ADM-ADM-001-20250228-Jf+K1hKvGFac | Location: Floor: MEDIUM | Outcome: FAILURE
2025-02-28 19:28:12 | ACCESS_ATTEMPT | Card: ADM-ADM-001-20250228-Jf+K1hKvGFac | Location: Floor: HIGH | Outcome: FAILURE
2025-02-28 19:28:12 | ACCESS_ATTEMPT | Card: EMP-EMP-001-20250228 | Location: Floor: LOW | Outcome: SUCCESS
2025-02-28 19:28:12 | ACCESS_ATTEMPT | Card: EMP-EMP-001-20250228 | Location: Floor: MEDIUM | Outcome: FAILURE
2025-02-28 19:28:12 | ACCESS_ATTEMPT | Card: EMP-EMP-001-20250228 | Location: Floor: HIGH | Outcome: FAILURE
2025-02-28 19:28:12 | ACCESS_ATTEMPT | Card: VIS-VIS-001-20250228 | Location: Floor: LOW | Outcome: SUCCESS
2025-02-28 19:28:12 | ACCESS_ATTEMPT | Card: VIS-VIS-001-20250228 | Location: Floor: MEDIUM | Outcome: FAILURE
2025-02-28 19:28:12 | ACCESS_ATTEMPT | Card: VIS-VIS-001-20250228 | Location: Floor: HIGH | Outcome: FAILURE
2025-02-28 19:28:14 | CARD_REVOCATION | Card: VIS-VIS-001-20250228 | User: ADMIN | Outcome: SUCCESS
2025-02-28 19:28:12 | ACCESS_ATTEMPT | Card: VIS-VIS-001-20250228 | Location: Floor: LOW | Outcome: FAILURE
2025-02-28 19:37:17 | CARD_CREATION | Card: ADM-ADM-001-20250228-Jf+K1hKvGFac | User: SYSTEM-SECURE | Outcome: SUCCESS
2025-02-28 19:37:17 | CARD_CREATION | Card: EMP-EMP-001-20250228 | User: SYSTEM | Outcome: SUCCESS
2025-02-28 19:37:17 | CARD_CREATION | Card: VIS-VIS-001-20250228 | User: SYSTEM | Outcome: SUCCESS
2025-02-28 19:37:17 | ACCESS_ATTEMPT | Card: ADM-ADM-001-20250228-Jf+K1hKvGFac | Location: Floor: LOW | Outcome: SUCCESS
2025-02-28 19:37:17 | ACCESS_ATTEMPT | Card: ADM-ADM-001-20250228-Jf+K1hKvGFac | Location: Floor: MEDIUM | Outcome: FAILURE
2025-02-28 19:37:17 | ACCESS_ATTEMPT | Card: ADM-ADM-001-20250228-Jf+K1hKvGFac | Location: Floor: HIGH | Outcome: FAILURE
2025-02-28 19:37:17 | ACCESS_ATTEMPT | Card: EMP-EMP-001-20250228 | Location: Floor: LOW | Outcome: SUCCESS
2025-02-28 19:37:17 | ACCESS_ATTEMPT | Card: EMP-EMP-001-20250228 | Location: Floor: MEDIUM | Outcome: FAILURE
2025-02-28 19:37:17 | ACCESS_ATTEMPT | Card: EMP-EMP-001-20250228 | Location: Floor: HIGH | Outcome: FAILURE
2025-02-28 19:37:17 | ACCESS_ATTEMPT | Card: VIS-VIS-001-20250228 | Location: Floor: LOW | Outcome: SUCCESS
2025-02-28 19:37:17 | ACCESS_ATTEMPT | Card: VIS-VIS-001-20250228 | Location: Floor: MEDIUM | Outcome: FAILURE
2025-02-28 19:37:17 | ACCESS_ATTEMPT | Card: VIS-VIS-001-20250228 | Location: Floor: HIGH | Outcome: FAILURE
2025-02-28 19:37:18 | CARD_REVOCATION | Card: VIS-VIS-001-20250228 | User: ADMIN | Outcome: SUCCESS
2025-02-28 19:37:17 | ACCESS_ATTEMPT | Card: VIS-VIS-001-20250228 | Location: Floor: LOW | Outcome: FAILURE
2025-02-28 20:02:14 | CARD_CREATION | Card: ADM-ADM-001-20250228-Jf+K1hKvGFac | User: SYSTEM-SECURE | Outcome: SUCCESS
2025-02-28 20:02:14 | CARD_CREATION | Card: ADM-ADM-001-20250228-Jf+K1hKvGFac | User: SYSTEM | Outcome: SUCCESS
2025-02-28 20:02:14 | CARD_CREATION | Card: MAN-MGR-001-20250228 | User: SYSTEM | Outcome: SUCCESS
2025-02-28 20:02:14 | CARD_CREATION | Card: MAN-MGR-001-20250228 | User: SYSTEM | Outcome: SUCCESS
2025-02-28 20:02:14 | CARD_CREATION | Card: EMP-EMP-001-20250228 | User: SYSTEM | Outcome: SUCCESS
2025-02-28 20:02:14 | CARD_CREATION | Card: EMP-EMP-001-20250228 | User: SYSTEM | Outcome: SUCCESS
2025-02-28 20:02:14 | CARD_CREATION | Card: VIS-VIS-001-20250228 | User: SYSTEM | Outcome: SUCCESS
2025-02-28 20:02:14 | CARD_CREATION | Card: VIS-VIS-001-20250228 | User: SYSTEM | Outcome: SUCCESS
2025-02-28 22:17:17 | CARD_CREATION | Card: ADM-ADM-001-20250228-Jf+K1hKvGFac | User: SYSTEM-SECURE | Outcome: SUCCESS
2025-02-28 22:17:17 | CARD_CREATION | Card: ADM-ADM-001-20250228-Jf+K1hKvGFac | User: SYSTEM | Outcome: SUCCESS
2025-02-28 22:17:17 | CARD_CREATION | Card: MAN-MGR-001-20250228 | User: SYSTEM | Outcome: SUCCESS
2025-02-28 22:17:17 | CARD_CREATION | Card: MAN-MGR-001-20250228 | User: SYSTEM | Outcome: SUCCESS
2025-02-28 22:17:17 | CARD_CREATION | Card: EMP-EMP-001-20250228 | User: SYSTEM | Outcome: SUCCESS
2025-02-28 22:17:17 | CARD_CREATION | Card: EMP-EMP-001-20250228 | User: SYSTEM | Outcome: SUCCESS
2025-02-28 22:17:17 | CARD_CREATION | Card: VIS-VIS-001-20250228 | User: SYSTEM | Outcome: SUCCESS
2025-02-28 22:17:17 | CARD_CREATION | Card: VIS-VIS-001-20250228 | User: SYSTEM | Outcome: SUCCESS
2025-02-28 22:22:37 | CARD_CREATION | Card: ADM-ADM-001-20250228-Jf+K1hKvGFac | User: SYSTEM-SECURE | Outcome: SUCCESS
2025-02-28 22:22:37 | CARD_CREATION | Card: ADM-ADM-001-20250228-Jf+K1hKvGFac | User: SYSTEM | Outcome: SUCCESS
2025-02-28 22:22:37 | CARD_CREATION | Card: MAN-MGR-001-20250228 | User: SYSTEM | Outcome: SUCCESS
2025-02-28 22:22:37 | CARD_CREATION | Card: MAN-MGR-001-20250228 | User: SYSTEM | Outcome: SUCCESS
2025-02-28 22:22:37 | CARD_CREATION | Card: EMP-EMP-001-20250228 | User: SYSTEM | Outcome: SUCCESS
2025-02-28 22:22:37 | CARD_CREATION | Card: EMP-EMP-001-20250228 | User: SYSTEM | Outcome: SUCCESS
2025-02-28 22:22:37 | CARD_CREATION | Card: VIS-VIS-001-20250228 | User: SYSTEM | Outcome: SUCCESS
2025-02-28 22:22:37 | CARD_CREATION | Card: VIS-VIS-001-20250228 | User: SYSTEM | Outcome: SUCCESS
2025-02-28 22:24:04 | CARD_CREATION | Card: ADM-ADMIN-001-20250228 | User: SYSTEM | Outcome: SUCCESS
2025-02-28 22:24:04 | CARD_CREATION | Card: EMP-EMP-001-20250228 | User: SYSTEM | Outcome: SUCCESS
2025-02-28 22:24:04 | CARD_CREATION | Card: VIS-VIS-001-20250228 | User: SYSTEM | Outcome: SUCCESS
2025-02-28 22:24:04 | ACCESS_ATTEMPT | Card: ADM-ADMIN-001-20250228 | Location: Floor: LOW | Outcome: SUCCESS
2025-02-28 22:24:04 | ACCESS_ATTEMPT | Card: EMP-EMP-001-20250228 | Location: Floor: LOW | Outcome: SUCCESS
2025-02-28 22:24:04 | ACCESS_ATTEMPT | Card: VIS-VIS-001-20250228 | Location: Floor: LOW | Outcome: SUCCESS
2025-02-28 22:24:04 | ACCESS_ATTEMPT | Card: ADM-ADMIN-001-20250228 | Location: Floor: LOW | Outcome: FAILURE
2025-02-28 22:24:04 | ACCESS_ATTEMPT | Card: EMP-EMP-001-20250228 | Location: Floor: LOW | Outcome: FAILURE
2025-02-28 22:24:04 | ACCESS_ATTEMPT | Card: VIS-VIS-001-20250228 | Location: Floor: LOW | Outcome: FAILURE
2025-02-28 22:24:04 | CARD_CREATION | Card: ADM-ADMIN-001-20250228 | User: SYSTEM | Outcome: SUCCESS
2025-02-28 22:24:04 | CARD_CREATION | Card: EMP-EMP-001-20250228 | User: SYSTEM | Outcome: SUCCESS
2025-02-28 22:24:04 | CARD_CREATION | Card: VIS-VIS-001-20250228 | User: SYSTEM | Outcome: SUCCESS
2025-02-28 22:24:04 | CARD_CREATION | Card: ADM-ADMIN-001-20250228 | User: SYSTEM | Outcome: SUCCESS
2025-02-28 22:24:04 | CARD_CREATION | Card: EMP-EMP-001-20250228 | User: SYSTEM | Outcome: SUCCESS
2025-02-28 22:24:04 | CARD_CREATION | Card: VIS-VIS-001-20250228 | User: SYSTEM | Outcome: SUCCESS
2025-02-28 22:24:04 | CARD_CREATION | Card: ADM-ADMIN-001-20250228 | User: SYSTEM | Outcome: SUCCESS
2025-02-28 22:24:04 | CARD_CREATION | Card: EMP-EMP-001-20250228 | User: SYSTEM | Outcome: SUCCESS
2025-02-28 22:24:04 | CARD_CREATION | Card: VIS-VIS-001-20250228 | User: SYSTEM | Outcome: SUCCESS
2025-02-28 22:24:04 | CARD_CREATION | Card: TEST-DEC-1740756244960 | User: TEST-SUPERADMIN | Outcome: SUCCESS
2025-03-01 06:24:04 | CARD_REVOCATION | Card: TEST-DEC-1740756244960 | User: TEST-SUPERADMIN | Outcome: SUCCESS
2025-02-28 22:24:04 | CARD_MODIFICATION | Card: TEST-DEC-1740756244970 | User: TEST-ADMIN | Outcome: SUCCESS | modification: Added access to room 301
2025-02-28 22:24:04 | ACCESS_ATTEMPT | Card: TEST-DEC-1740756244976 | Location: TEST-ROOM | Outcome: SUCCESS
2025-02-28 22:24:04 | CARD_CREATION | Card: ADM-ADM-001-20250228 | User: SYSTEM | Outcome: SUCCESS
2025-02-28 22:24:04 | CARD_CREATION | Card: VIS-VIS-001-20250228 | User: SYSTEM | Outcome: SUCCESS
2025-02-28 22:24:04 | CARD_CREATION | Card: ADM-ADM-001-20250228 | User: SYSTEM | Outcome: SUCCESS
2025-02-28 22:24:04 | CARD_CREATION | Card: VIS-VIS-001-20250228 | User: SYSTEM | Outcome: SUCCESS
2025-02-28 22:24:04 | CARD_CREATION | Card: ADM-ADM-001-20250228 | User: SYSTEM | Outcome: SUCCESS
2025-02-28 22:24:04 | CARD_CREATION | Card: VIS-VIS-001-20250228 | User: SYSTEM | Outcome: SUCCESS
2025-02-28 22:24:04 | CARD_CREATION | Card: ADM-ADM-001-20250228 | User: SYSTEM | Outcome: SUCCESS
2025-02-28 22:24:04 | CARD_CREATION | Card: VIS-VIS-001-20250228 | User: SYSTEM | Outcome: SUCCESS
2025-02-28 22:24:05 | CARD_CREATION | Card: ADM-ADM-001-20250228 | User: SYSTEM | Outcome: SUCCESS
2025-02-28 22:24:05 | CARD_CREATION | Card: VIS-VIS-001-20250228 | User: SYSTEM | Outcome: SUCCESS
2025-02-28 22:24:05 | CARD_CREATION | Card: TEST-CARD-002 | User: TEST-ADMIN | Outcome: SUCCESS
2025-02-28 22:24:05 | CARD_MODIFICATION | Card: TEST-CARD-003 | User: TEST-MANAGER | Outcome: SUCCESS | modification: Added HIGH floor access
2025-02-28 22:34:05 | CARD_REVOCATION | Card: TEST-CARD-003 | User: TEST-MANAGER | Outcome: SUCCESS
2025-02-28 22:24:05 | ACCESS_ATTEMPT | Card: TEST-CARD-001 | Location: TEST-LOCATION | Outcome: SUCCESS
2025-02-28 22:24:05 | CARD_CREATION | Card: STA-STD-123-20250228 | User: SYSTEM | Outcome: SUCCESS
2025-02-28 22:24:05 | CARD_CREATION | Card: SEC-SEC-456-20250228-UAK+dEVMrYdH | User: SYSTEM-SECURE | Outcome: SUCCESS
2025-02-28 22:24:05 | CARD_CREATION | Card: TES-COMP-789-20250228 | User: SYSTEM | Outcome: SUCCESS
2025-02-28 22:24:05 | CARD_CREATION | Card: TES-COMP-789-20250228-iUzlY5a3KNSx | User: SYSTEM-SECURE | Outcome: SUCCESS
2025-02-28 22:25:21 | CARD_CREATION | Card: ADM-ADMIN-001-20250228 | User: SYSTEM | Outcome: SUCCESS
2025-02-28 22:25:21 | CARD_CREATION | Card: EMP-EMP-001-20250228 | User: SYSTEM | Outcome: SUCCESS
2025-02-28 22:25:21 | CARD_CREATION | Card: VIS-VIS-001-20250228 | User: SYSTEM | Outcome: SUCCESS
2025-02-28 22:25:21 | ACCESS_ATTEMPT | Card: ADM-ADMIN-001-20250228 | Location: Floor: LOW | Outcome: SUCCESS
2025-02-28 22:25:21 | ACCESS_ATTEMPT | Card: EMP-EMP-001-20250228 | Location: Floor: LOW | Outcome: SUCCESS
2025-02-28 22:25:21 | ACCESS_ATTEMPT | Card: VIS-VIS-001-20250228 | Location: Floor: LOW | Outcome: SUCCESS
2025-02-28 22:25:21 | ACCESS_ATTEMPT | Card: ADM-ADMIN-001-20250228 | Location: Floor: LOW | Outcome: FAILURE
2025-02-28 22:25:21 | ACCESS_ATTEMPT | Card: EMP-EMP-001-20250228 | Location: Floor: LOW | Outcome: FAILURE
2025-02-28 22:25:21 | ACCESS_ATTEMPT | Card: VIS-VIS-001-20250228 | Location: Floor: LOW | Outcome: FAILURE
2025-02-28 22:25:21 | CARD_CREATION | Card: ADM-ADMIN-001-20250228 | User: SYSTEM | Outcome: SUCCESS
2025-02-28 22:25:21 | CARD_CREATION | Card: EMP-EMP-001-20250228 | User: SYSTEM | Outcome: SUCCESS
2025-02-28 22:25:21 | CARD_CREATION | Card: VIS-VIS-001-20250228 | User: SYSTEM | Outcome: SUCCESS
2025-02-28 22:25:21 | CARD_CREATION | Card: ADM-ADMIN-001-20250228 | User: SYSTEM | Outcome: SUCCESS
2025-02-28 22:25:21 | CARD_CREATION | Card: EMP-EMP-001-20250228 | User: SYSTEM | Outcome: SUCCESS
2025-02-28 22:25:21 | CARD_CREATION | Card: VIS-VIS-001-20250228 | User: SYSTEM | Outcome: SUCCESS
2025-02-28 22:25:21 | CARD_CREATION | Card: ADM-ADMIN-001-20250228 | User: SYSTEM | Outcome: SUCCESS
2025-02-28 22:25:21 | CARD_CREATION | Card: EMP-EMP-001-20250228 | User: SYSTEM | Outcome: SUCCESS
2025-02-28 22:25:21 | CARD_CREATION | Card: VIS-VIS-001-20250228 | User: SYSTEM | Outcome: SUCCESS
2025-02-28 22:25:21 | CARD_CREATION | Card: TEST-DEC-1740756321387 | User: TEST-SUPERADMIN | Outcome: SUCCESS
2025-03-01 06:25:21 | CARD_REVOCATION | Card: TEST-DEC-1740756321387 | User: TEST-SUPERADMIN | Outcome: SUCCESS
2025-02-28 22:25:21 | CARD_MODIFICATION | Card: TEST-DEC-1740756321414 | User: TEST-ADMIN | Outcome: SUCCESS | modification: Added access to room 301
2025-02-28 22:25:21 | ACCESS_ATTEMPT | Card: TEST-DEC-1740756321420 | Location: TEST-ROOM | Outcome: SUCCESS
2025-02-28 22:25:21 | CARD_CREATION | Card: ADM-ADM-001-20250228 | User: SYSTEM | Outcome: SUCCESS
2025-02-28 22:25:21 | CARD_CREATION | Card: VIS-VIS-001-20250228 | User: SYSTEM | Outcome: SUCCESS
2025-02-28 22:25:21 | CARD_CREATION | Card: ADM-ADM-001-20250228 | User: SYSTEM | Outcome: SUCCESS
2025-02-28 22:25:21 | CARD_CREATION | Card: VIS-VIS-001-20250228 | User: SYSTEM | Outcome: SUCCESS
2025-02-28 22:25:21 | CARD_CREATION | Card: ADM-ADM-001-20250228 | User: SYSTEM | Outcome: SUCCESS
2025-02-28 22:25:21 | CARD_CREATION | Card: VIS-VIS-001-20250228 | User: SYSTEM | Outcome: SUCCESS
2025-02-28 22:25:21 | CARD_CREATION | Card: ADM-ADM-001-20250228 | User: SYSTEM | Outcome: SUCCESS
2025-02-28 22:25:21 | CARD_CREATION | Card: VIS-VIS-001-20250228 | User: SYSTEM | Outcome: SUCCESS
2025-02-28 22:25:21 | CARD_CREATION | Card: ADM-ADM-001-20250228 | User: SYSTEM | Outcome: SUCCESS
2025-02-28 22:25:21 | CARD_CREATION | Card: VIS-VIS-001-20250228 | User: SYSTEM | Outcome: SUCCESS
2025-02-28 22:25:21 | CARD_CREATION | Card: TEST-CARD-002 | User: TEST-ADMIN | Outcome: SUCCESS
2025-02-28 22:25:21 | CARD_MODIFICATION | Card: TEST-CARD-003 | User: TEST-MANAGER | Outcome: SUCCESS | modification: Added HIGH floor access
2025-02-28 22:35:21 | CARD_REVOCATION | Card: TEST-CARD-003 | User: TEST-MANAGER | Outcome: SUCCESS
2025-02-28 22:25:21 | ACCESS_ATTEMPT | Card: TEST-CARD-001 | Location: TEST-LOCATION | Outcome: SUCCESS
2025-02-28 22:25:21 | CARD_CREATION | Card: STA-STD-123-20250228 | User: SYSTEM | Outcome: SUCCESS
2025-02-28 22:25:21 | CARD_CREATION | Card: SEC-SEC-456-20250228-UAK+dEVMrYdH | User: SYSTEM-SECURE | Outcome: SUCCESS
2025-02-28 22:25:21 | CARD_CREATION | Card: TES-COMP-789-20250228 | User: SYSTEM | Outcome: SUCCESS
2025-02-28 22:25:21 | CARD_CREATION | Card: TES-COMP-789-20250228-iUzlY5a3KNSx | User: SYSTEM-SECURE | Outcome: SUCCESS
2025-02-28 22:25:36 | CARD_CREATION | Card: TEST-DEC-1740756336467 | User: TEST-SUPERADMIN | Outcome: SUCCESS
2025-03-01 06:25:36 | CARD_REVOCATION | Card: TEST-DEC-1740756336467 | User: TEST-SUPERADMIN | Outcome: SUCCESS
2025-02-28 22:25:36 | CARD_MODIFICATION | Card: TEST-DEC-1740756336514 | User: TEST-ADMIN | Outcome: SUCCESS | modification: Added access to room 301
2025-02-28 22:25:36 | ACCESS_ATTEMPT | Card: TEST-DEC-1740756336521 | Location: TEST-ROOM | Outcome: SUCCESS
2025-02-28 22:25:36 | CARD_CREATION | Card: ADM-ADM-001-20250228 | User: SYSTEM | Outcome: SUCCESS
2025-02-28 22:25:36 | CARD_CREATION | Card: VIS-VIS-001-20250228 | User: SYSTEM | Outcome: SUCCESS
2025-02-28 22:25:36 | CARD_CREATION | Card: ADM-ADM-001-20250228 | User: SYSTEM | Outcome: SUCCESS
2025-02-28 22:25:36 | CARD_CREATION | Card: VIS-VIS-001-20250228 | User: SYSTEM | Outcome: SUCCESS
2025-02-28 22:25:36 | CARD_CREATION | Card: ADM-ADM-001-20250228 | User: SYSTEM | Outcome: SUCCESS
2025-02-28 22:25:36 | CARD_CREATION | Card: VIS-VIS-001-20250228 | User: SYSTEM | Outcome: SUCCESS
2025-02-28 22:25:36 | CARD_CREATION | Card: ADM-ADM-001-20250228 | User: SYSTEM | Outcome: SUCCESS
2025-02-28 22:25:36 | CARD_CREATION | Card: VIS-VIS-001-20250228 | User: SYSTEM | Outcome: SUCCESS
2025-02-28 22:25:36 | CARD_CREATION | Card: ADM-ADM-001-20250228 | User: SYSTEM | Outcome: SUCCESS
2025-02-28 22:25:36 | CARD_CREATION | Card: VIS-VIS-001-20250228 | User: SYSTEM | Outcome: SUCCESS
2025-02-28 22:25:36 | CARD_CREATION | Card: ADM-ADMIN-001-20250228 | User: SYSTEM | Outcome: SUCCESS
2025-02-28 22:25:36 | CARD_CREATION | Card: EMP-EMP-001-20250228 | User: SYSTEM | Outcome: SUCCESS
2025-02-28 22:25:36 | CARD_CREATION | Card: VIS-VIS-001-20250228 | User: SYSTEM | Outcome: SUCCESS
2025-02-28 22:25:36 | ACCESS_ATTEMPT | Card: ADM-ADMIN-001-20250228 | Location: Floor: LOW | Outcome: SUCCESS
2025-02-28 22:25:36 | ACCESS_ATTEMPT | Card: EMP-EMP-001-20250228 | Location: Floor: LOW | Outcome: SUCCESS
2025-02-28 22:25:36 | ACCESS_ATTEMPT | Card: VIS-VIS-001-20250228 | Location: Floor: LOW | Outcome: SUCCESS
2025-02-28 22:25:36 | ACCESS_ATTEMPT | Card: ADM-ADMIN-001-20250228 | Location: Floor: LOW | Outcome: FAILURE
2025-02-28 22:25:36 | ACCESS_ATTEMPT | Card: EMP-EMP-001-20250228 | Location: Floor: LOW | Outcome: FAILURE
2025-02-28 22:25:36 | ACCESS_ATTEMPT | Card: VIS-VIS-001-20250228 | Location: Floor: LOW | Outcome: FAILURE
2025-02-28 22:25:36 | CARD_CREATION | Card: ADM-ADMIN-001-20250228 | User: SYSTEM | Outcome: SUCCESS
2025-02-28 22:25:36 | CARD_CREATION | Card: EMP-EMP-001-20250228 | User: SYSTEM | Outcome: SUCCESS
2025-02-28 22:25:36 | CARD_CREATION | Card: VIS-VIS-001-20250228 | User: SYSTEM | Outcome: SUCCESS
2025-02-28 22:25:36 | CARD_CREATION | Card: ADM-ADMIN-001-20250228 | User: SYSTEM | Outcome: SUCCESS
2025-02-28 22:25:36 | CARD_CREATION | Card: EMP-EMP-001-20250228 | User: SYSTEM | Outcome: SUCCESS
2025-02-28 22:25:36 | CARD_CREATION | Card: VIS-VIS-001-20250228 | User: SYSTEM | Outcome: SUCCESS
2025-02-28 22:25:36 | CARD_CREATION | Card: ADM-ADMIN-001-20250228 | User: SYSTEM | Outcome: SUCCESS
2025-02-28 22:25:36 | CARD_CREATION | Card: EMP-EMP-001-20250228 | User: SYSTEM | Outcome: SUCCESS
2025-02-28 22:25:36 | CARD_CREATION | Card: VIS-VIS-001-20250228 | User: SYSTEM | Outcome: SUCCESS
2025-02-28 22:25:36 | CARD_CREATION | Card: TEST-CARD-002 | User: TEST-ADMIN | Outcome: SUCCESS
2025-02-28 22:25:36 | CARD_MODIFICATION | Card: TEST-CARD-003 | User: TEST-MANAGER | Outcome: SUCCESS | modification: Added HIGH floor access
2025-02-28 22:35:36 | CARD_REVOCATION | Card: TEST-CARD-003 | User: TEST-MANAGER | Outcome: SUCCESS
2025-02-28 22:25:36 | ACCESS_ATTEMPT | Card: TEST-CARD-001 | Location: TEST-LOCATION | Outcome: SUCCESS
2025-02-28 22:25:36 | CARD_CREATION | Card: STA-STD-123-20250228 | User: SYSTEM | Outcome: SUCCESS
2025-02-28 22:25:36 | CARD_CREATION | Card: SEC-SEC-456-20250228-UAK+dEVMrYdH | User: SYSTEM-SECURE | Outcome: SUCCESS
2025-02-28 22:25:36 | CARD_CREATION | Card: TES-COMP-789-20250228 | User: SYSTEM | Outcome: SUCCESS
2025-02-28 22:25:36 | CARD_CREATION | Card: TES-COMP-789-20250228-iUzlY5a3KNSx | User: SYSTEM-SECURE | Outcome: SUCCESS
2025-02-28 22:25:48 | CARD_CREATION | Card: TEST-DEC-1740756348446 | User: TEST-SUPERADMIN | Outcome: SUCCESS
2025-03-01 06:25:48 | CARD_REVOCATION | Card: TEST-DEC-1740756348446 | User: TEST-SUPERADMIN | Outcome: SUCCESS
2025-02-28 22:25:48 | CARD_MODIFICATION | Card: TEST-DEC-1740756348496 | User: TEST-ADMIN | Outcome: SUCCESS | modification: Added access to room 301
2025-02-28 22:25:48 | ACCESS_ATTEMPT | Card: TEST-DEC-1740756348503 | Location: TEST-ROOM | Outcome: SUCCESS
2025-02-28 22:25:48 | CARD_CREATION | Card: ADM-ADM-001-20250228 | User: SYSTEM | Outcome: SUCCESS
2025-02-28 22:25:48 | CARD_CREATION | Card: VIS-VIS-001-20250228 | User: SYSTEM | Outcome: SUCCESS
2025-02-28 22:25:48 | CARD_CREATION | Card: ADM-ADM-001-20250228 | User: SYSTEM | Outcome: SUCCESS
2025-02-28 22:25:48 | CARD_CREATION | Card: VIS-VIS-001-20250228 | User: SYSTEM | Outcome: SUCCESS
2025-02-28 22:25:48 | CARD_CREATION | Card: ADM-ADM-001-20250228 | User: SYSTEM | Outcome: SUCCESS
2025-02-28 22:25:48 | CARD_CREATION | Card: VIS-VIS-001-20250228 | User: SYSTEM | Outcome: SUCCESS
2025-02-28 22:25:48 | CARD_CREATION | Card: ADM-ADM-001-20250228 | User: SYSTEM | Outcome: SUCCESS
2025-02-28 22:25:48 | CARD_CREATION | Card: VIS-VIS-001-20250228 | User: SYSTEM | Outcome: SUCCESS
2025-02-28 22:25:48 | CARD_CREATION | Card: ADM-ADM-001-20250228 | User: SYSTEM | Outcome: SUCCESS
2025-02-28 22:25:48 | CARD_CREATION | Card: VIS-VIS-001-20250228 | User: SYSTEM | Outcome: SUCCESS
2025-02-28 22:25:48 | CARD_CREATION | Card: ADM-ADMIN-001-20250228 | User: SYSTEM | Outcome: SUCCESS
2025-02-28 22:25:48 | CARD_CREATION | Card: EMP-EMP-001-20250228 | User: SYSTEM | Outcome: SUCCESS
2025-02-28 22:25:48 | CARD_CREATION | Card: VIS-VIS-001-20250228 | User: SYSTEM | Outcome: SUCCESS
2025-02-28 22:25:48 | ACCESS_ATTEMPT | Card: ADM-ADMIN-001-20250228 | Location: Floor: LOW | Outcome: SUCCESS
2025-02-28 22:25:48 | ACCESS_ATTEMPT | Card: EMP-EMP-001-20250228 | Location: Floor: LOW | Outcome: SUCCESS
2025-02-28 22:25:48 | ACCESS_ATTEMPT | Card: VIS-VIS-001-20250228 | Location: Floor: LOW | Outcome: SUCCESS
2025-02-28 22:25:48 | ACCESS_ATTEMPT | Card: ADM-ADMIN-001-20250228 | Location: Floor: LOW | Outcome: FAILURE
2025-02-28 22:25:48 | ACCESS_ATTEMPT | Card: EMP-EMP-001-20250228 | Location: Floor: LOW | Outcome: FAILURE
2025-02-28 22:25:48 | ACCESS_ATTEMPT | Card: VIS-VIS-001-20250228 | Location: Floor: LOW | Outcome: FAILURE
2025-02-28 22:25:48 | CARD_CREATION | Card: ADM-ADMIN-001-20250228 | User: SYSTEM | Outcome: SUCCESS
2025-02-28 22:25:48 | CARD_CREATION | Card: EMP-EMP-001-20250228 | User: SYSTEM | Outcome: SUCCESS
2025-02-28 22:25:48 | CARD_CREATION | Card: VIS-VIS-001-20250228 | User: SYSTEM | Outcome: SUCCESS
2025-02-28 22:25:48 | CARD_CREATION | Card: ADM-ADMIN-001-20250228 | User: SYSTEM | Outcome: SUCCESS
2025-02-28 22:25:48 | CARD_CREATION | Card: EMP-EMP-001-20250228 | User: SYSTEM | Outcome: SUCCESS
2025-02-28 22:25:48 | CARD_CREATION | Card: VIS-VIS-001-20250228 | User: SYSTEM | Outcome: SUCCESS
2025-02-28 22:25:48 | CARD_CREATION | Card: ADM-ADMIN-001-20250228 | User: SYSTEM | Outcome: SUCCESS
2025-02-28 22:25:48 | CARD_CREATION | Card: EMP-EMP-001-20250228 | User: SYSTEM | Outcome: SUCCESS
2025-02-28 22:25:48 | CARD_CREATION | Card: VIS-VIS-001-20250228 | User: SYSTEM | Outcome: SUCCESS
2025-02-28 22:25:48 | CARD_CREATION | Card: TEST-CARD-002 | User: TEST-ADMIN | Outcome: SUCCESS
2025-02-28 22:25:48 | CARD_MODIFICATION | Card: TEST-CARD-003 | User: TEST-MANAGER | Outcome: SUCCESS | modification: Added HIGH floor access
2025-02-28 22:35:48 | CARD_REVOCATION | Card: TEST-CARD-003 | User: TEST-MANAGER | Outcome: SUCCESS
2025-02-28 22:25:48 | ACCESS_ATTEMPT | Card: TEST-CARD-001 | Location: TEST-LOCATION | Outcome: SUCCESS
2025-02-28 22:25:48 | CARD_CREATION | Card: STA-STD-123-20250228 | User: SYSTEM | Outcome: SUCCESS
2025-02-28 22:25:48 | CARD_CREATION | Card: SEC-SEC-456-20250228-UAK+dEVMrYdH | User: SYSTEM-SECURE | Outcome: SUCCESS
2025-02-28 22:25:48 | CARD_CREATION | Card: TES-COMP-789-20250228 | User: SYSTEM | Outcome: SUCCESS
2025-02-28 22:25:48 | CARD_CREATION | Card: TES-COMP-789-20250228-iUzlY5a3KNSx | User: SYSTEM-SECURE | Outcome: SUCCESS
2025-02-28 22:26:47 | CARD_CREATION | Card: TEST-DEC-1740756407645 | User: TEST-SUPERADMIN | Outcome: SUCCESS
2025-03-01 06:26:47 | CARD_REVOCATION | Card: TEST-DEC-1740756407645 | User: TEST-SUPERADMIN | Outcome: SUCCESS
2025-02-28 22:26:47 | CARD_MODIFICATION | Card: TEST-DEC-1740756407687 | User: TEST-ADMIN | Outcome: SUCCESS | modification: Added access to room 301
2025-02-28 22:26:47 | ACCESS_ATTEMPT | Card: TEST-DEC-1740756407695 | Location: TEST-ROOM | Outcome: SUCCESS
2025-02-28 22:26:47 | CARD_CREATION | Card: ADM-ADM-001-20250228 | User: SYSTEM | Outcome: SUCCESS
2025-02-28 22:26:47 | CARD_CREATION | Card: VIS-VIS-001-20250228 | User: SYSTEM | Outcome: SUCCESS
2025-02-28 22:26:47 | CARD_CREATION | Card: ADM-ADM-001-20250228 | User: SYSTEM | Outcome: SUCCESS
2025-02-28 22:26:47 | CARD_CREATION | Card: VIS-VIS-001-20250228 | User: SYSTEM | Outcome: SUCCESS
2025-02-28 22:26:47 | CARD_CREATION | Card: ADM-ADM-001-20250228 | User: SYSTEM | Outcome: SUCCESS
2025-02-28 22:26:47 | CARD_CREATION | Card: VIS-VIS-001-20250228 | User: SYSTEM | Outcome: SUCCESS
2025-02-28 22:26:47 | CARD_CREATION | Card: ADM-ADM-001-20250228 | User: SYSTEM | Outcome: SUCCESS
2025-02-28 22:26:47 | CARD_CREATION | Card: VIS-VIS-001-20250228 | User: SYSTEM | Outcome: SUCCESS
2025-02-28 22:26:47 | CARD_CREATION | Card: ADM-ADM-001-20250228 | User: SYSTEM | Outcome: SUCCESS
2025-02-28 22:26:47 | CARD_CREATION | Card: VIS-VIS-001-20250228 | User: SYSTEM | Outcome: SUCCESS
2025-02-28 22:26:47 | CARD_CREATION | Card: ADM-ADMIN-001-20250228 | User: SYSTEM | Outcome: SUCCESS
2025-02-28 22:26:47 | CARD_CREATION | Card: EMP-EMP-001-20250228 | User: SYSTEM | Outcome: SUCCESS
2025-02-28 22:26:47 | CARD_CREATION | Card: VIS-VIS-001-20250228 | User: SYSTEM | Outcome: SUCCESS
2025-02-28 22:26:47 | ACCESS_ATTEMPT | Card: ADM-ADMIN-001-20250228 | Location: Floor: LOW | Outcome: SUCCESS
2025-02-28 22:26:47 | ACCESS_ATTEMPT | Card: EMP-EMP-001-20250228 | Location: Floor: LOW | Outcome: SUCCESS
2025-02-28 22:26:47 | ACCESS_ATTEMPT | Card: VIS-VIS-001-20250228 | Location: Floor: LOW | Outcome: SUCCESS
2025-02-28 22:26:47 | ACCESS_ATTEMPT | Card: ADM-ADMIN-001-20250228 | Location: Floor: LOW | Outcome: FAILURE
2025-02-28 22:26:47 | ACCESS_ATTEMPT | Card: EMP-EMP-001-20250228 | Location: Floor: LOW | Outcome: FAILURE
2025-02-28 22:26:47 | ACCESS_ATTEMPT | Card: VIS-VIS-001-20250228 | Location: Floor: LOW | Outcome: FAILURE
2025-02-28 22:26:47 | CARD_CREATION | Card: ADM-ADMIN-001-20250228 | User: SYSTEM | Outcome: SUCCESS
2025-02-28 22:26:47 | CARD_CREATION | Card: EMP-EMP-001-20250228 | User: SYSTEM | Outcome: SUCCESS
2025-02-28 22:26:47 | CARD_CREATION | Card: VIS-VIS-001-20250228 | User: SYSTEM | Outcome: SUCCESS
2025-02-28 22:26:47 | CARD_CREATION | Card: ADM-ADMIN-001-20250228 | User: SYSTEM | Outcome: SUCCESS
2025-02-28 22:26:47 | CARD_CREATION | Card: EMP-EMP-001-20250228 | User: SYSTEM | Outcome: SUCCESS
2025-02-28 22:26:47 | CARD_CREATION | Card: VIS-VIS-001-20250228 | User: SYSTEM | Outcome: SUCCESS
2025-02-28 22:26:47 | CARD_CREATION | Card: ADM-ADMIN-001-20250228 | User: SYSTEM | Outcome: SUCCESS
2025-02-28 22:26:47 | CARD_CREATION | Card: EMP-EMP-001-20250228 | User: SYSTEM | Outcome: SUCCESS
2025-02-28 22:26:47 | CARD_CREATION | Card: VIS-VIS-001-20250228 | User: SYSTEM | Outcome: SUCCESS
2025-02-28 22:26:47 | CARD_CREATION | Card: TEST-CARD-002 | User: TEST-ADMIN | Outcome: SUCCESS
2025-02-28 22:26:47 | CARD_MODIFICATION | Card: TEST-CARD-003 | User: TEST-MANAGER | Outcome: SUCCESS | modification: Added HIGH floor access
2025-02-28 22:36:47 | CARD_REVOCATION | Card: TEST-CARD-003 | User: TEST-MANAGER | Outcome: SUCCESS
2025-02-28 22:26:47 | ACCESS_ATTEMPT | Card: TEST-CARD-001 | Location: TEST-LOCATION | Outcome: SUCCESS
2025-02-28 22:26:47 | CARD_CREATION | Card: STA-STD-123-20250228 | User: SYSTEM | Outcome: SUCCESS
2025-02-28 22:26:47 | CARD_CREATION | Card: SEC-SEC-456-20250228-UAK+dEVMrYdH | User: SYSTEM-SECURE | Outcome: SUCCESS
2025-02-28 22:26:47 | CARD_CREATION | Card: TES-COMP-789-20250228 | User: SYSTEM | Outcome: SUCCESS
2025-02-28 22:26:47 | CARD_CREATION | Card: TES-COMP-789-20250228-iUzlY5a3KNSx | User: SYSTEM-SECURE | Outcome: SUCCESS
2025-02-28 22:27:49 | CARD_CREATION | Card: TEST-DEC-1740756469010 | User: TEST-SUPERADMIN | Outcome: SUCCESS
2025-03-01 06:27:49 | CARD_REVOCATION | Card: TEST-DEC-1740756469010 | User: TEST-SUPERADMIN | Outcome: SUCCESS
2025-02-28 22:27:49 | CARD_MODIFICATION | Card: TEST-DEC-1740756469053 | User: TEST-ADMIN | Outcome: SUCCESS | modification: Added access to room 301
2025-02-28 22:27:49 | ACCESS_ATTEMPT | Card: TEST-DEC-1740756469063 | Location: TEST-ROOM | Outcome: SUCCESS
2025-02-28 22:27:49 | CARD_CREATION | Card: ADM-ADM-001-20250228 | User: SYSTEM | Outcome: SUCCESS
2025-02-28 22:27:49 | CARD_CREATION | Card: VIS-VIS-001-20250228 | User: SYSTEM | Outcome: SUCCESS
2025-02-28 22:27:49 | CARD_CREATION | Card: ADM-ADM-001-20250228 | User: SYSTEM | Outcome: SUCCESS
2025-02-28 22:27:49 | CARD_CREATION | Card: VIS-VIS-001-20250228 | User: SYSTEM | Outcome: SUCCESS
2025-02-28 22:27:49 | CARD_CREATION | Card: ADM-ADM-001-20250228 | User: SYSTEM | Outcome: SUCCESS
2025-02-28 22:27:49 | CARD_CREATION | Card: VIS-VIS-001-20250228 | User: SYSTEM | Outcome: SUCCESS
2025-02-28 22:27:49 | CARD_CREATION | Card: ADM-ADM-001-20250228 | User: SYSTEM | Outcome: SUCCESS
2025-02-28 22:27:49 | CARD_CREATION | Card: VIS-VIS-001-20250228 | User: SYSTEM | Outcome: SUCCESS
2025-02-28 22:27:49 | CARD_CREATION | Card: ADM-ADM-001-20250228 | User: SYSTEM | Outcome: SUCCESS
2025-02-28 22:27:49 | CARD_CREATION | Card: VIS-VIS-001-20250228 | User: SYSTEM | Outcome: SUCCESS
2025-02-28 22:27:49 | CARD_CREATION | Card: ADM-ADMIN-001-20250228 | User: SYSTEM | Outcome: SUCCESS
2025-02-28 22:27:49 | CARD_CREATION | Card: EMP-EMP-001-20250228 | User: SYSTEM | Outcome: SUCCESS
2025-02-28 22:27:49 | CARD_CREATION | Card: VIS-VIS-001-20250228 | User: SYSTEM | Outcome: SUCCESS
2025-02-28 22:27:49 | ACCESS_ATTEMPT | Card: ADM-ADMIN-001-20250228 | Location: Floor: LOW | Outcome: SUCCESS
2025-02-28 22:27:49 | ACCESS_ATTEMPT | Card: EMP-EMP-001-20250228 | Location: Floor: LOW | Outcome: SUCCESS
2025-02-28 22:27:49 | ACCESS_ATTEMPT | Card: VIS-VIS-001-20250228 | Location: Floor: LOW | Outcome: SUCCESS
2025-02-28 22:27:49 | ACCESS_ATTEMPT | Card: ADM-ADMIN-001-20250228 | Location: Floor: LOW | Outcome: FAILURE
2025-02-28 22:27:49 | ACCESS_ATTEMPT | Card: EMP-EMP-001-20250228 | Location: Floor: LOW | Outcome: FAILURE
2025-02-28 22:27:49 | ACCESS_ATTEMPT | Card: VIS-VIS-001-20250228 | Location: Floor: LOW | Outcome: FAILURE
2025-02-28 22:27:49 | CARD_CREATION | Card: ADM-ADMIN-001-20250228 | User: SYSTEM | Outcome: SUCCESS
2025-02-28 22:27:49 | CARD_CREATION | Card: EMP-EMP-001-20250228 | User: SYSTEM | Outcome: SUCCESS
2025-02-28 22:27:49 | CARD_CREATION | Card: VIS-VIS-001-20250228 | User: SYSTEM | Outcome: SUCCESS
2025-02-28 22:27:49 | CARD_CREATION | Card: ADM-ADMIN-001-20250228 | User: SYSTEM | Outcome: SUCCESS
2025-02-28 22:27:49 | CARD_CREATION | Card: EMP-EMP-001-20250228 | User: SYSTEM | Outcome: SUCCESS
2025-02-28 22:27:49 | CARD_CREATION | Card: VIS-VIS-001-20250228 | User: SYSTEM | Outcome: SUCCESS
2025-02-28 22:27:49 | CARD_CREATION | Card: ADM-ADMIN-001-20250228 | User: SYSTEM | Outcome: SUCCESS
2025-02-28 22:27:49 | CARD_CREATION | Card: EMP-EMP-001-20250228 | User: SYSTEM | Outcome: SUCCESS
2025-02-28 22:27:49 | CARD_CREATION | Card: VIS-VIS-001-20250228 | User: SYSTEM | Outcome: SUCCESS
2025-02-28 22:27:49 | CARD_CREATION | Card: TEST-CARD-002 | User: TEST-ADMIN | Outcome: SUCCESS
2025-02-28 22:27:49 | CARD_MODIFICATION | Card: TEST-CARD-003 | User: TEST-MANAGER | Outcome: SUCCESS | modification: Added HIGH floor access
2025-02-28 22:37:49 | CARD_REVOCATION | Card: TEST-CARD-003 | User: TEST-MANAGER | Outcome: SUCCESS
2025-02-28 22:27:49 | ACCESS_ATTEMPT | Card: TEST-CARD-001 | Location: TEST-LOCATION | Outcome: SUCCESS
2025-02-28 22:27:49 | CARD_CREATION | Card: STA-STD-123-20250228 | User: SYSTEM | Outcome: SUCCESS
2025-02-28 22:27:49 | CARD_CREATION | Card: SEC-SEC-456-20250228-UAK+dEVMrYdH | User: SYSTEM-SECURE | Outcome: SUCCESS
2025-02-28 22:27:49 | CARD_CREATION | Card: TES-COMP-789-20250228 | User: SYSTEM | Outcome: SUCCESS
2025-02-28 22:27:49 | CARD_CREATION | Card: TES-COMP-789-20250228-iUzlY5a3KNSx | User: SYSTEM-SECURE | Outcome: SUCCESS
2025-02-28 22:28:04 | CARD_CREATION | Card: TEST-DEC-1740756484652 | User: TEST-SUPERADMIN | Outcome: SUCCESS
2025-03-01 06:28:04 | CARD_REVOCATION | Card: TEST-DEC-1740756484652 | User: TEST-SUPERADMIN | Outcome: SUCCESS
2025-02-28 22:28:04 | CARD_MODIFICATION | Card: TEST-DEC-1740756484698 | User: TEST-ADMIN | Outcome: SUCCESS | modification: Added access to room 301
2025-02-28 22:28:04 | ACCESS_ATTEMPT | Card: TEST-DEC-1740756484708 | Location: TEST-ROOM | Outcome: SUCCESS
2025-02-28 22:28:04 | CARD_CREATION | Card: ADM-ADM-001-20250228 | User: SYSTEM | Outcome: SUCCESS
2025-02-28 22:28:04 | CARD_CREATION | Card: VIS-VIS-001-20250228 | User: SYSTEM | Outcome: SUCCESS
2025-02-28 22:28:04 | CARD_CREATION | Card: ADM-ADM-001-20250228 | User: SYSTEM | Outcome: SUCCESS
2025-02-28 22:28:04 | CARD_CREATION | Card: VIS-VIS-001-20250228 | User: SYSTEM | Outcome: SUCCESS
2025-02-28 22:28:04 | CARD_CREATION | Card: ADM-ADM-001-20250228 | User: SYSTEM | Outcome: SUCCESS
2025-02-28 22:28:04 | CARD_CREATION | Card: VIS-VIS-001-20250228 | User: SYSTEM | Outcome: SUCCESS
2025-02-28 22:28:04 | CARD_CREATION | Card: ADM-ADM-001-20250228 | User: SYSTEM | Outcome: SUCCESS
2025-02-28 22:28:04 | CARD_CREATION | Card: VIS-VIS-001-20250228 | User: SYSTEM | Outcome: SUCCESS
2025-02-28 22:28:04 | CARD_CREATION | Card: ADM-ADM-001-20250228 | User: SYSTEM | Outcome: SUCCESS
2025-02-28 22:28:04 | CARD_CREATION | Card: VIS-VIS-001-20250228 | User: SYSTEM | Outcome: SUCCESS
2025-02-28 22:28:04 | CARD_CREATION | Card: ADM-ADMIN-001-20250228 | User: SYSTEM | Outcome: SUCCESS
2025-02-28 22:28:04 | CARD_CREATION | Card: EMP-EMP-001-20250228 | User: SYSTEM | Outcome: SUCCESS
2025-02-28 22:28:04 | CARD_CREATION | Card: VIS-VIS-001-20250228 | User: SYSTEM | Outcome: SUCCESS
2025-02-28 22:28:04 | ACCESS_ATTEMPT | Card: ADM-ADMIN-001-20250228 | Location: Floor: LOW | Outcome: SUCCESS
2025-02-28 22:28:04 | ACCESS_ATTEMPT | Card: EMP-EMP-001-20250228 | Location: Floor: LOW | Outcome: SUCCESS
2025-02-28 22:28:04 | ACCESS_ATTEMPT | Card: VIS-VIS-001-20250228 | Location: Floor: LOW | Outcome: SUCCESS
2025-02-28 22:28:04 | ACCESS_ATTEMPT | Card: ADM-ADMIN-001-20250228 | Location: Floor: LOW | Outcome: FAILURE
2025-02-28 22:28:04 | ACCESS_ATTEMPT | Card: EMP-EMP-001-20250228 | Location: Floor: LOW | Outcome: FAILURE
2025-02-28 22:28:04 | ACCESS_ATTEMPT | Card: VIS-VIS-001-20250228 | Location: Floor: LOW | Outcome: FAILURE
2025-02-28 22:28:04 | CARD_CREATION | Card: ADM-ADMIN-001-20250228 | User: SYSTEM | Outcome: SUCCESS
2025-02-28 22:28:04 | CARD_CREATION | Card: EMP-EMP-001-20250228 | User: SYSTEM | Outcome: SUCCESS
2025-02-28 22:28:04 | CARD_CREATION | Card: VIS-VIS-001-20250228 | User: SYSTEM | Outcome: SUCCESS
2025-02-28 22:28:04 | CARD_CREATION | Card: ADM-ADMIN-001-20250228 | User: SYSTEM | Outcome: SUCCESS
2025-02-28 22:28:04 | CARD_CREATION | Card: EMP-EMP-001-20250228 | User: SYSTEM | Outcome: SUCCESS
2025-02-28 22:28:04 | CARD_CREATION | Card: VIS-VIS-001-20250228 | User: SYSTEM | Outcome: SUCCESS
2025-02-28 22:28:04 | CARD_CREATION | Card: ADM-ADMIN-001-20250228 | User: SYSTEM | Outcome: SUCCESS
2025-02-28 22:28:04 | CARD_CREATION | Card: EMP-EMP-001-20250228 | User: SYSTEM | Outcome: SUCCESS
2025-02-28 22:28:04 | CARD_CREATION | Card: VIS-VIS-001-20250228 | User: SYSTEM | Outcome: SUCCESS
2025-02-28 22:28:04 | CARD_CREATION | Card: TEST-CARD-002 | User: TEST-ADMIN | Outcome: SUCCESS
2025-02-28 22:28:04 | CARD_MODIFICATION | Card: TEST-CARD-003 | User: TEST-MANAGER | Outcome: SUCCESS | modification: Added HIGH floor access
2025-02-28 22:38:04 | CARD_REVOCATION | Card: TEST-CARD-003 | User: TEST-MANAGER | Outcome: SUCCESS
2025-02-28 22:28:04 | ACCESS_ATTEMPT | Card: TEST-CARD-001 | Location: TEST-LOCATION | Outcome: SUCCESS
2025-02-28 22:28:04 | CARD_CREATION | Card: STA-STD-123-20250228 | User: SYSTEM | Outcome: SUCCESS
2025-02-28 22:28:04 | CARD_CREATION | Card: SEC-SEC-456-20250228-UAK+dEVMrYdH | User: SYSTEM-SECURE | Outcome: SUCCESS
2025-02-28 22:28:04 | CARD_CREATION | Card: TES-COMP-789-20250228 | User: SYSTEM | Outcome: SUCCESS
2025-02-28 22:28:04 | CARD_CREATION | Card: TES-COMP-789-20250228-iUzlY5a3KNSx | User: SYSTEM-SECURE | Outcome: SUCCESS
2025-02-28 22:35:22 | CARD_CREATION | Card: ADM-ADM-001-20250228-Jf+K1hKvGFac | User: SYSTEM-SECURE | Outcome: SUCCESS
2025-02-28 22:35:22 | CARD_CREATION | Card: ADM-ADM-001-20250228-Jf+K1hKvGFac | User: SYSTEM | Outcome: SUCCESS
2025-02-28 22:35:22 | CARD_CREATION | Card: MAN-MGR-001-20250228 | User: SYSTEM | Outcome: SUCCESS
2025-02-28 22:35:22 | CARD_CREATION | Card: MAN-MGR-001-20250228 | User: SYSTEM | Outcome: SUCCESS
2025-02-28 22:35:22 | CARD_CREATION | Card: EMP-EMP-001-20250228 | User: SYSTEM | Outcome: SUCCESS
2025-02-28 22:35:22 | CARD_CREATION | Card: EMP-EMP-001-20250228 | User: SYSTEM | Outcome: SUCCESS
2025-02-28 22:35:22 | CARD_CREATION | Card: VIS-VIS-001-20250228 | User: SYSTEM | Outcome: SUCCESS
2025-02-28 22:35:22 | CARD_CREATION | Card: VIS-VIS-001-20250228 | User: SYSTEM | Outcome: SUCCESS
2025-02-28 22:36:46 | CARD_CREATION | Card: TEST-DEC-1740757006747 | User: TEST-SUPERADMIN | Outcome: SUCCESS
2025-03-01 06:36:46 | CARD_REVOCATION | Card: TEST-DEC-1740757006747 | User: TEST-SUPERADMIN | Outcome: SUCCESS
2025-02-28 22:36:46 | CARD_MODIFICATION | Card: TEST-DEC-1740757006784 | User: TEST-ADMIN | Outcome: SUCCESS | modification: Added access to room 301
2025-02-28 22:36:46 | ACCESS_ATTEMPT | Card: TEST-DEC-1740757006791 | Location: TEST-ROOM | Outcome: SUCCESS
2025-02-28 22:36:46 | CARD_CREATION | Card: ADM-ADM-001-20250228 | User: SYSTEM | Outcome: SUCCESS
2025-02-28 22:36:46 | CARD_CREATION | Card: VIS-VIS-001-20250228 | User: SYSTEM | Outcome: SUCCESS
2025-02-28 22:36:46 | CARD_CREATION | Card: ADM-ADM-001-20250228 | User: SYSTEM | Outcome: SUCCESS
2025-02-28 22:36:46 | CARD_CREATION | Card: VIS-VIS-001-20250228 | User: SYSTEM | Outcome: SUCCESS
2025-02-28 22:36:46 | CARD_CREATION | Card: ADM-ADM-001-20250228 | User: SYSTEM | Outcome: SUCCESS
2025-02-28 22:36:46 | CARD_CREATION | Card: VIS-VIS-001-20250228 | User: SYSTEM | Outcome: SUCCESS
2025-02-28 22:36:46 | CARD_CREATION | Card: ADM-ADM-001-20250228 | User: SYSTEM | Outcome: SUCCESS
2025-02-28 22:36:46 | CARD_CREATION | Card: VIS-VIS-001-20250228 | User: SYSTEM | Outcome: SUCCESS
2025-02-28 22:36:46 | CARD_CREATION | Card: ADM-ADM-001-20250228 | User: SYSTEM | Outcome: SUCCESS
2025-02-28 22:36:46 | CARD_CREATION | Card: VIS-VIS-001-20250228 | User: SYSTEM | Outcome: SUCCESS
2025-02-28 22:36:46 | CARD_CREATION | Card: ADM-ADMIN-001-20250228 | User: SYSTEM | Outcome: SUCCESS
2025-02-28 22:36:46 | CARD_CREATION | Card: EMP-EMP-001-20250228 | User: SYSTEM | Outcome: SUCCESS
2025-02-28 22:36:46 | CARD_CREATION | Card: VIS-VIS-001-20250228 | User: SYSTEM | Outcome: SUCCESS
2025-02-28 22:36:46 | ACCESS_ATTEMPT | Card: ADM-ADMIN-001-20250228 | Location: Floor: LOW | Outcome: SUCCESS
2025-02-28 22:36:46 | ACCESS_ATTEMPT | Card: EMP-EMP-001-20250228 | Location: Floor: LOW | Outcome: SUCCESS
2025-02-28 22:36:46 | ACCESS_ATTEMPT | Card: VIS-VIS-001-20250228 | Location: Floor: LOW | Outcome: SUCCESS
2025-02-28 22:36:46 | ACCESS_ATTEMPT | Card: ADM-ADMIN-001-20250228 | Location: Floor: LOW | Outcome: FAILURE
2025-02-28 22:36:46 | ACCESS_ATTEMPT | Card: EMP-EMP-001-20250228 | Location: Floor: LOW | Outcome: FAILURE
2025-02-28 22:36:46 | ACCESS_ATTEMPT | Card: VIS-VIS-001-20250228 | Location: Floor: LOW | Outcome: FAILURE
2025-02-28 22:36:46 | CARD_CREATION | Card: ADM-ADMIN-001-20250228 | User: SYSTEM | Outcome: SUCCESS
2025-02-28 22:36:46 | CARD_CREATION | Card: EMP-EMP-001-20250228 | User: SYSTEM | Outcome: SUCCESS
2025-02-28 22:36:46 | CARD_CREATION | Card: VIS-VIS-001-20250228 | User: SYSTEM | Outcome: SUCCESS
2025-02-28 22:36:46 | CARD_CREATION | Card: ADM-ADMIN-001-20250228 | User: SYSTEM | Outcome: SUCCESS
2025-02-28 22:36:46 | CARD_CREATION | Card: EMP-EMP-001-20250228 | User: SYSTEM | Outcome: SUCCESS
2025-02-28 22:36:46 | CARD_CREATION | Card: VIS-VIS-001-20250228 | User: SYSTEM | Outcome: SUCCESS
2025-02-28 22:36:46 | CARD_CREATION | Card: ADM-ADMIN-001-20250228 | User: SYSTEM | Outcome: SUCCESS
2025-02-28 22:36:46 | CARD_CREATION | Card: EMP-EMP-001-20250228 | User: SYSTEM | Outcome: SUCCESS
2025-02-28 22:36:46 | CARD_CREATION | Card: VIS-VIS-001-20250228 | User: SYSTEM | Outcome: SUCCESS
2025-02-28 22:36:46 | CARD_CREATION | Card: TEST-CARD-002 | User: TEST-ADMIN | Outcome: SUCCESS
2025-02-28 22:36:46 | CARD_MODIFICATION | Card: TEST-CARD-003 | User: TEST-MANAGER | Outcome: SUCCESS | modification: Added HIGH floor access
2025-02-28 22:46:46 | CARD_REVOCATION | Card: TEST-CARD-003 | User: TEST-MANAGER | Outcome: SUCCESS
2025-02-28 22:36:46 | ACCESS_ATTEMPT | Card: TEST-CARD-001 | Location: TEST-LOCATION | Outcome: SUCCESS
2025-02-28 22:36:46 | CARD_CREATION | Card: STA-STD-123-20250228 | User: SYSTEM | Outcome: SUCCESS
2025-02-28 22:36:46 | CARD_CREATION | Card: SEC-SEC-456-20250228-UAK+dEVMrYdH | User: SYSTEM-SECURE | Outcome: SUCCESS
2025-02-28 22:36:46 | CARD_CREATION | Card: TES-COMP-789-20250228 | User: SYSTEM | Outcome: SUCCESS
2025-02-28 22:36:46 | CARD_CREATION | Card: TES-COMP-789-20250228-iUzlY5a3KNSx | User: SYSTEM-SECURE | Outcome: SUCCESS
2025-02-28 23:08:03 | CARD_CREATION | Card: TEST-DEC-1740758883950 | User: TEST-SUPERADMIN | Outcome: SUCCESS
2025-03-01 07:08:03 | CARD_REVOCATION | Card: TEST-DEC-1740758883950 | User: TEST-SUPERADMIN | Outcome: SUCCESS
2025-02-28 23:08:03 | CARD_MODIFICATION | Card: TEST-DEC-1740758883987 | User: TEST-ADMIN | Outcome: SUCCESS | modification: Added access to room 301
2025-02-28 23:08:03 | ACCESS_ATTEMPT | Card: TEST-DEC-1740758883995 | Location: TEST-ROOM | Outcome: SUCCESS
2025-02-28 23:08:04 | CARD_CREATION | Card: ADM-ADM-001-20250228 | User: SYSTEM | Outcome: SUCCESS
2025-02-28 23:08:04 | CARD_CREATION | Card: VIS-VIS-001-20250228 | User: SYSTEM | Outcome: SUCCESS
2025-02-28 23:08:04 | CARD_CREATION | Card: ADM-ADM-001-20250228 | User: SYSTEM | Outcome: SUCCESS
2025-02-28 23:08:04 | CARD_CREATION | Card: VIS-VIS-001-20250228 | User: SYSTEM | Outcome: SUCCESS
2025-02-28 23:08:04 | CARD_CREATION | Card: ADM-ADM-001-20250228 | User: SYSTEM | Outcome: SUCCESS
2025-02-28 23:08:04 | CARD_CREATION | Card: VIS-VIS-001-20250228 | User: SYSTEM | Outcome: SUCCESS
2025-02-28 23:08:04 | CARD_CREATION | Card: ADM-ADM-001-20250228 | User: SYSTEM | Outcome: SUCCESS
2025-02-28 23:08:04 | CARD_CREATION | Card: VIS-VIS-001-20250228 | User: SYSTEM | Outcome: SUCCESS
2025-02-28 23:08:04 | CARD_CREATION | Card: ADM-ADM-001-20250228 | User: SYSTEM | Outcome: SUCCESS
2025-02-28 23:08:04 | CARD_CREATION | Card: VIS-VIS-001-20250228 | User: SYSTEM | Outcome: SUCCESS
2025-02-28 23:08:04 | CARD_CREATION | Card: ADM-ADMIN-001-20250228 | User: SYSTEM | Outcome: SUCCESS
2025-02-28 23:08:04 | CARD_CREATION | Card: EMP-EMP-001-20250228 | User: SYSTEM | Outcome: SUCCESS
2025-02-28 23:08:04 | CARD_CREATION | Card: VIS-VIS-001-20250228 | User: SYSTEM | Outcome: SUCCESS
2025-02-28 23:08:04 | ACCESS_ATTEMPT | Card: ADM-ADMIN-001-20250228 | Location: Floor: LOW | Outcome: SUCCESS
2025-02-28 23:08:04 | ACCESS_ATTEMPT | Card: EMP-EMP-001-20250228 | Location: Floor: LOW | Outcome: SUCCESS
2025-02-28 23:08:04 | ACCESS_ATTEMPT | Card: VIS-VIS-001-20250228 | Location: Floor: LOW | Outcome: SUCCESS
2025-02-28 23:08:04 | ACCESS_ATTEMPT | Card: ADM-ADMIN-001-20250228 | Location: Floor: LOW | Outcome: FAILURE
2025-02-28 23:08:04 | ACCESS_ATTEMPT | Card: EMP-EMP-001-20250228 | Location: Floor: LOW | Outcome: FAILURE
2025-02-28 23:08:04 | ACCESS_ATTEMPT | Card: VIS-VIS-001-20250228 | Location: Floor: LOW | Outcome: FAILURE
2025-02-28 23:08:04 | CARD_CREATION | Card: ADM-ADMIN-001-20250228 | User: SYSTEM | Outcome: SUCCESS
2025-02-28 23:08:04 | CARD_CREATION | Card: EMP-EMP-001-20250228 | User: SYSTEM | Outcome: SUCCESS
2025-02-28 23:08:04 | CARD_CREATION | Card: VIS-VIS-001-20250228 | User: SYSTEM | Outcome: SUCCESS
2025-02-28 23:08:04 | CARD_CREATION | Card: ADM-ADMIN-001-20250228 | User: SYSTEM | Outcome: SUCCESS
2025-02-28 23:08:04 | CARD_CREATION | Card: EMP-EMP-001-20250228 | User: SYSTEM | Outcome: SUCCESS
2025-02-28 23:08:04 | CARD_CREATION | Card: VIS-VIS-001-20250228 | User: SYSTEM | Outcome: SUCCESS
2025-02-28 23:08:04 | CARD_CREATION | Card: ADM-ADMIN-001-20250228 | User: SYSTEM | Outcome: SUCCESS
2025-02-28 23:08:04 | CARD_CREATION | Card: EMP-EMP-001-20250228 | User: SYSTEM | Outcome: SUCCESS
2025-02-28 23:08:04 | CARD_CREATION | Card: VIS-VIS-001-20250228 | User: SYSTEM | Outcome: SUCCESS
2025-02-28 23:08:04 | CARD_CREATION | Card: TEST-CARD-002 | User: TEST-ADMIN | Outcome: SUCCESS
2025-02-28 23:08:04 | CARD_MODIFICATION | Card: TEST-CARD-003 | User: TEST-MANAGER | Outcome: SUCCESS | modification: Added HIGH floor access
2025-02-28 23:18:04 | CARD_REVOCATION | Card: TEST-CARD-003 | User: TEST-MANAGER | Outcome: SUCCESS
2025-02-28 23:08:04 | ACCESS_ATTEMPT | Card: TEST-CARD-001 | Location: TEST-LOCATION | Outcome: SUCCESS
2025-02-28 23:08:04 | CARD_CREATION | Card: STA-STD-123-20250228 | User: SYSTEM | Outcome: SUCCESS
2025-02-28 23:08:04 | CARD_CREATION | Card: SEC-SEC-456-20250228-UAK+dEVMrYdH | User: SYSTEM-SECURE | Outcome: SUCCESS
2025-02-28 23:08:04 | CARD_CREATION | Card: TES-COMP-789-20250228 | User: SYSTEM | Outcome: SUCCESS
2025-02-28 23:08:04 | CARD_CREATION | Card: TES-COMP-789-20250228-iUzlY5a3KNSx | User: SYSTEM-SECURE | Outcome: SUCCESS
2025-02-28 23:35:31 | CARD_CREATION | Card: TEST-DEC-1740760531818 | User: TEST-SUPERADMIN | Outcome: SUCCESS
2025-03-01 07:35:31 | CARD_REVOCATION | Card: TEST-DEC-1740760531818 | User: TEST-SUPERADMIN | Outcome: SUCCESS
2025-02-28 23:35:31 | CARD_MODIFICATION | Card: TEST-DEC-1740760531855 | User: TEST-ADMIN | Outcome: SUCCESS | modification: Added access to room 301
2025-02-28 23:35:31 | ACCESS_ATTEMPT | Card: TEST-DEC-1740760531860 | Location: TEST-ROOM | Outcome: SUCCESS
2025-02-28 23:35:31 | CARD_CREATION | Card: ADM-ADM-001-20250228 | User: SYSTEM | Outcome: SUCCESS
2025-02-28 23:35:31 | CARD_CREATION | Card: VIS-VIS-001-20250228 | User: SYSTEM | Outcome: SUCCESS
2025-02-28 23:35:31 | CARD_CREATION | Card: ADM-ADM-001-20250228 | User: SYSTEM | Outcome: SUCCESS
2025-02-28 23:35:31 | CARD_CREATION | Card: VIS-VIS-001-20250228 | User: SYSTEM | Outcome: SUCCESS
2025-02-28 23:35:31 | CARD_CREATION | Card: ADM-ADM-001-20250228 | User: SYSTEM | Outcome: SUCCESS
2025-02-28 23:35:31 | CARD_CREATION | Card: VIS-VIS-001-20250228 | User: SYSTEM | Outcome: SUCCESS
2025-02-28 23:35:31 | CARD_CREATION | Card: ADM-ADM-001-20250228 | User: SYSTEM | Outcome: SUCCESS
2025-02-28 23:35:31 | CARD_CREATION | Card: VIS-VIS-001-20250228 | User: SYSTEM | Outcome: SUCCESS
2025-02-28 23:35:31 | CARD_CREATION | Card: ADM-ADM-001-20250228 | User: SYSTEM | Outcome: SUCCESS
2025-02-28 23:35:31 | CARD_CREATION | Card: VIS-VIS-001-20250228 | User: SYSTEM | Outcome: SUCCESS
2025-02-28 23:35:31 | CARD_CREATION | Card: ADM-ADMIN-001-20250228 | User: SYSTEM | Outcome: SUCCESS
2025-02-28 23:35:31 | CARD_CREATION | Card: EMP-EMP-001-20250228 | User: SYSTEM | Outcome: SUCCESS
2025-02-28 23:35:31 | CARD_CREATION | Card: VIS-VIS-001-20250228 | User: SYSTEM | Outcome: SUCCESS
2025-02-28 23:35:31 | ACCESS_ATTEMPT | Card: ADM-ADMIN-001-20250228 | Location: Floor: LOW | Outcome: SUCCESS
2025-02-28 23:35:31 | ACCESS_ATTEMPT | Card: EMP-EMP-001-20250228 | Location: Floor: LOW | Outcome: SUCCESS
2025-02-28 23:35:31 | ACCESS_ATTEMPT | Card: VIS-VIS-001-20250228 | Location: Floor: LOW | Outcome: SUCCESS
2025-02-28 23:35:31 | ACCESS_ATTEMPT | Card: ADM-ADMIN-001-20250228 | Location: Floor: LOW | Outcome: FAILURE
2025-02-28 23:35:31 | ACCESS_ATTEMPT | Card: EMP-EMP-001-20250228 | Location: Floor: LOW | Outcome: FAILURE
2025-02-28 23:35:31 | ACCESS_ATTEMPT | Card: VIS-VIS-001-20250228 | Location: Floor: LOW | Outcome: FAILURE
2025-02-28 23:35:31 | CARD_CREATION | Card: ADM-ADMIN-001-20250228 | User: SYSTEM | Outcome: SUCCESS
2025-02-28 23:35:31 | CARD_CREATION | Card: EMP-EMP-001-20250228 | User: SYSTEM | Outcome: SUCCESS
2025-02-28 23:35:31 | CARD_CREATION | Card: VIS-VIS-001-20250228 | User: SYSTEM | Outcome: SUCCESS
2025-02-28 23:35:31 | CARD_CREATION | Card: ADM-ADMIN-001-20250228 | User: SYSTEM | Outcome: SUCCESS
2025-02-28 23:35:31 | CARD_CREATION | Card: EMP-EMP-001-20250228 | User: SYSTEM | Outcome: SUCCESS
2025-02-28 23:35:31 | CARD_CREATION | Card: VIS-VIS-001-20250228 | User: SYSTEM | Outcome: SUCCESS
2025-02-28 23:35:31 | CARD_CREATION | Card: ADM-ADMIN-001-20250228 | User: SYSTEM | Outcome: SUCCESS
2025-02-28 23:35:31 | CARD_CREATION | Card: EMP-EMP-001-20250228 | User: SYSTEM | Outcome: SUCCESS
2025-02-28 23:35:31 | CARD_CREATION | Card: VIS-VIS-001-20250228 | User: SYSTEM | Outcome: SUCCESS
2025-02-28 23:35:31 | CARD_CREATION | Card: TEST-CARD-002 | User: TEST-ADMIN | Outcome: SUCCESS
2025-02-28 23:35:31 | CARD_MODIFICATION | Card: TEST-CARD-003 | User: TEST-MANAGER | Outcome: SUCCESS | modification: Added HIGH floor access
2025-02-28 23:45:31 | CARD_REVOCATION | Card: TEST-CARD-003 | User: TEST-MANAGER | Outcome: SUCCESS
2025-02-28 23:35:31 | ACCESS_ATTEMPT | Card: TEST-CARD-001 | Location: TEST-LOCATION | Outcome: SUCCESS
2025-02-28 23:35:31 | CARD_CREATION | Card: STA-STD-123-20250228 | User: SYSTEM | Outcome: SUCCESS
2025-02-28 23:35:31 | CARD_CREATION | Card: SEC-SEC-456-20250228-UAK+dEVMrYdH | User: SYSTEM-SECURE | Outcome: SUCCESS
2025-02-28 23:35:31 | CARD_CREATION | Card: TES-COMP-789-20250228 | User: SYSTEM | Outcome: SUCCESS
2025-02-28 23:35:31 | CARD_CREATION | Card: TES-COMP-789-20250228-iUzlY5a3KNSx | User: SYSTEM-SECURE | Outcome: SUCCESS
2025-02-28 23:38:41 | CARD_CREATION | Card: TEST-DEC-1740760721193 | User: TEST-SUPERADMIN | Outcome: SUCCESS
2025-03-01 07:38:41 | CARD_REVOCATION | Card: TEST-DEC-1740760721193 | User: TEST-SUPERADMIN | Outcome: SUCCESS
2025-02-28 23:38:41 | CARD_MODIFICATION | Card: TEST-DEC-1740760721244 | User: TEST-ADMIN | Outcome: SUCCESS | modification_details: Added access to room 301
2025-02-28 23:38:41 | ACCESS_ATTEMPT | Card: TEST-DEC-1740760721257 | Location: TEST-ROOM | Outcome: SUCCESS
2025-02-28 23:38:41 | CARD_CREATION | Card: ADM-ADM-001-20250228 | User: SYSTEM | Outcome: SUCCESS
2025-02-28 23:38:41 | CARD_CREATION | Card: VIS-VIS-001-20250228 | User: SYSTEM | Outcome: SUCCESS
2025-02-28 23:38:41 | CARD_CREATION | Card: ADM-ADM-001-20250228 | User: SYSTEM | Outcome: SUCCESS
2025-02-28 23:38:41 | CARD_CREATION | Card: VIS-VIS-001-20250228 | User: SYSTEM | Outcome: SUCCESS
2025-02-28 23:38:41 | CARD_CREATION | Card: ADM-ADM-001-20250228 | User: SYSTEM | Outcome: SUCCESS
2025-02-28 23:38:41 | CARD_CREATION | Card: VIS-VIS-001-20250228 | User: SYSTEM | Outcome: SUCCESS
2025-02-28 23:38:41 | CARD_CREATION | Card: ADM-ADM-001-20250228 | User: SYSTEM | Outcome: SUCCESS
2025-02-28 23:38:41 | CARD_CREATION | Card: VIS-VIS-001-20250228 | User: SYSTEM | Outcome: SUCCESS
2025-02-28 23:38:41 | CARD_CREATION | Card: ADM-ADM-001-20250228 | User: SYSTEM | Outcome: SUCCESS
2025-02-28 23:38:41 | CARD_CREATION | Card: VIS-VIS-001-20250228 | User: SYSTEM | Outcome: SUCCESS
2025-02-28 23:38:41 | CARD_CREATION | Card: ADM-ADMIN-001-20250228 | User: SYSTEM | Outcome: SUCCESS
2025-02-28 23:38:41 | CARD_CREATION | Card: EMP-EMP-001-20250228 | User: SYSTEM | Outcome: SUCCESS
2025-02-28 23:38:41 | CARD_CREATION | Card: VIS-VIS-001-20250228 | User: SYSTEM | Outcome: SUCCESS
2025-02-28 23:38:41 | ACCESS_ATTEMPT | Card: ADM-ADMIN-001-20250228 | Location: Floor: LOW | Outcome: SUCCESS
2025-02-28 23:38:41 | ACCESS_ATTEMPT | Card: EMP-EMP-001-20250228 | Location: Floor: LOW | Outcome: SUCCESS
2025-02-28 23:38:41 | ACCESS_ATTEMPT | Card: VIS-VIS-001-20250228 | Location: Floor: LOW | Outcome: SUCCESS
2025-02-28 23:38:41 | ACCESS_ATTEMPT | Card: ADM-ADMIN-001-20250228 | Location: Floor: LOW | Outcome: FAILURE
2025-02-28 23:38:41 | ACCESS_ATTEMPT | Card: EMP-EMP-001-20250228 | Location: Floor: LOW | Outcome: FAILURE
2025-02-28 23:38:41 | ACCESS_ATTEMPT | Card: VIS-VIS-001-20250228 | Location: Floor: LOW | Outcome: FAILURE
2025-02-28 23:38:41 | CARD_CREATION | Card: ADM-ADMIN-001-20250228 | User: SYSTEM | Outcome: SUCCESS
2025-02-28 23:38:41 | CARD_CREATION | Card: EMP-EMP-001-20250228 | User: SYSTEM | Outcome: SUCCESS
2025-02-28 23:38:41 | CARD_CREATION | Card: VIS-VIS-001-20250228 | User: SYSTEM | Outcome: SUCCESS
2025-02-28 23:38:41 | CARD_CREATION | Card: ADM-ADMIN-001-20250228 | User: SYSTEM | Outcome: SUCCESS
2025-02-28 23:38:41 | CARD_CREATION | Card: EMP-EMP-001-20250228 | User: SYSTEM | Outcome: SUCCESS
2025-02-28 23:38:41 | CARD_CREATION | Card: VIS-VIS-001-20250228 | User: SYSTEM | Outcome: SUCCESS
2025-02-28 23:38:41 | CARD_CREATION | Card: ADM-ADMIN-001-20250228 | User: SYSTEM | Outcome: SUCCESS
2025-02-28 23:38:41 | CARD_CREATION | Card: EMP-EMP-001-20250228 | User: SYSTEM | Outcome: SUCCESS
2025-02-28 23:38:41 | CARD_CREATION | Card: VIS-VIS-001-20250228 | User: SYSTEM | Outcome: SUCCESS
2025-02-28 23:38:41 | CARD_CREATION | Card: TEST-CARD-002 | User: TEST-ADMIN | Outcome: SUCCESS
2025-02-28 23:38:41 | CARD_MODIFICATION | Card: TEST-CARD-003 | User: TEST-MANAGER | Outcome: SUCCESS | modification_details: Added HIGH floor access
2025-02-28 23:48:41 | CARD_REVOCATION | Card: TEST-CARD-003 | User: TEST-MANAGER | Outcome: SUCCESS
2025-02-28 23:38:41 | ACCESS_ATTEMPT | Card: TEST-CARD-001 | Location: TEST-LOCATION | Outcome: SUCCESS
2025-02-28 23:38:41 | CARD_CREATION | Card: STA-STD-123-20250228 | User: SYSTEM | Outcome: SUCCESS
2025-02-28 23:38:41 | CARD_CREATION | Card: SEC-SEC-456-20250228-UAK+dEVMrYdH | User: SYSTEM-SECURE | Outcome: SUCCESS
2025-02-28 23:38:41 | CARD_CREATION | Card: TES-COMP-789-20250228 | User: SYSTEM | Outcome: SUCCESS
2025-02-28 23:38:41 | CARD_CREATION | Card: TES-COMP-789-20250228-iUzlY5a3KNSx | User: SYSTEM-SECURE | Outcome: SUCCESS
2025-02-28 23:41:31 | CARD_CREATION | Card: TEST-DEC-1740760891013 | User: TEST-SUPERADMIN | Outcome: SUCCESS
2025-03-01 07:41:31 | CARD_REVOCATION | Card: TEST-DEC-1740760891013 | User: TEST-SUPERADMIN | Outcome: SUCCESS
2025-02-28 23:41:31 | CARD_MODIFICATION | Card: TEST-DEC-1740760891049 | User: TEST-ADMIN | Outcome: SUCCESS | modification_details: Added access to room 301
2025-02-28 23:41:31 | ACCESS_ATTEMPT | Card: TEST-DEC-1740760891057 | Location: TEST-ROOM | Outcome: SUCCESS
2025-02-28 23:41:31 | CARD_CREATION | Card: ADM-ADM-001-20250228 | User: SYSTEM | Outcome: SUCCESS
2025-02-28 23:41:31 | CARD_CREATION | Card: VIS-VIS-001-20250228 | User: SYSTEM | Outcome: SUCCESS
2025-02-28 23:41:31 | CARD_CREATION | Card: ADM-ADM-001-20250228 | User: SYSTEM | Outcome: SUCCESS
2025-02-28 23:41:31 | CARD_CREATION | Card: VIS-VIS-001-20250228 | User: SYSTEM | Outcome: SUCCESS
2025-02-28 23:41:31 | CARD_CREATION | Card: ADM-ADM-001-20250228 | User: SYSTEM | Outcome: SUCCESS
2025-02-28 23:41:31 | CARD_CREATION | Card: VIS-VIS-001-20250228 | User: SYSTEM | Outcome: SUCCESS
2025-02-28 23:41:31 | CARD_CREATION | Card: ADM-ADM-001-20250228 | User: SYSTEM | Outcome: SUCCESS
2025-02-28 23:41:31 | CARD_CREATION | Card: VIS-VIS-001-20250228 | User: SYSTEM | Outcome: SUCCESS
2025-02-28 23:41:31 | CARD_CREATION | Card: ADM-ADM-001-20250228 | User: SYSTEM | Outcome: SUCCESS
2025-02-28 23:41:31 | CARD_CREATION | Card: VIS-VIS-001-20250228 | User: SYSTEM | Outcome: SUCCESS
2025-02-28 23:41:31 | CARD_CREATION | Card: ADM-ADMIN-001-20250228 | User: SYSTEM | Outcome: SUCCESS
2025-02-28 23:41:31 | CARD_CREATION | Card: EMP-EMP-001-20250228 | User: SYSTEM | Outcome: SUCCESS
2025-02-28 23:41:31 | CARD_CREATION | Card: VIS-VIS-001-20250228 | User: SYSTEM | Outcome: SUCCESS
2025-02-28 23:41:31 | ACCESS_ATTEMPT | Card: ADM-ADMIN-001-20250228 | Location: Floor: LOW | Outcome: SUCCESS
2025-02-28 23:41:31 | ACCESS_ATTEMPT | Card: EMP-EMP-001-20250228 | Location: Floor: LOW | Outcome: SUCCESS
2025-02-28 23:41:31 | ACCESS_ATTEMPT | Card: VIS-VIS-001-20250228 | Location: Floor: LOW | Outcome: SUCCESS
2025-02-28 23:41:31 | ACCESS_ATTEMPT | Card: ADM-ADMIN-001-20250228 | Location: Floor: LOW | Outcome: FAILURE
2025-02-28 23:41:31 | ACCESS_ATTEMPT | Card: EMP-EMP-001-20250228 | Location: Floor: LOW | Outcome: FAILURE
2025-02-28 23:41:31 | ACCESS_ATTEMPT | Card: VIS-VIS-001-20250228 | Location: Floor: LOW | Outcome: FAILURE
2025-02-28 23:41:31 | CARD_CREATION | Card: ADM-ADMIN-001-20250228 | User: SYSTEM | Outcome: SUCCESS
2025-02-28 23:41:31 | CARD_CREATION | Card: EMP-EMP-001-20250228 | User: SYSTEM | Outcome: SUCCESS
2025-02-28 23:41:31 | CARD_CREATION | Card: VIS-VIS-001-20250228 | User: SYSTEM | Outcome: SUCCESS
2025-02-28 23:41:31 | CARD_CREATION | Card: ADM-ADMIN-001-20250228 | User: SYSTEM | Outcome: SUCCESS
2025-02-28 23:41:31 | CARD_CREATION | Card: EMP-EMP-001-20250228 | User: SYSTEM | Outcome: SUCCESS
2025-02-28 23:41:31 | CARD_CREATION | Card: VIS-VIS-001-20250228 | User: SYSTEM | Outcome: SUCCESS
2025-02-28 23:41:31 | CARD_CREATION | Card: ADM-ADMIN-001-20250228 | User: SYSTEM | Outcome: SUCCESS
2025-02-28 23:41:31 | CARD_CREATION | Card: EMP-EMP-001-20250228 | User: SYSTEM | Outcome: SUCCESS
2025-02-28 23:41:31 | CARD_CREATION | Card: VIS-VIS-001-20250228 | User: SYSTEM | Outcome: SUCCESS
2025-02-28 23:41:31 | CARD_CREATION | Card: TEST-CARD-002 | User: TEST-ADMIN | Outcome: SUCCESS
2025-02-28 23:41:31 | CARD_MODIFICATION | Card: TEST-CARD-003 | User: TEST-MANAGER | Outcome: SUCCESS | modification_details: Added HIGH floor access
2025-02-28 23:51:31 | CARD_REVOCATION | Card: TEST-CARD-003 | User: TEST-MANAGER | Outcome: SUCCESS
2025-02-28 23:41:31 | ACCESS_ATTEMPT | Card: TEST-CARD-001 | Location: TEST-LOCATION | Outcome: SUCCESS
2025-02-28 23:41:31 | CARD_CREATION | Card: STA-STD-123-20250228 | User: SYSTEM | Outcome: SUCCESS
2025-02-28 23:41:31 | CARD_CREATION | Card: SEC-SEC-456-20250228-UAK+dEVMrYdH | User: SYSTEM-SECURE | Outcome: SUCCESS
2025-02-28 23:41:31 | CARD_CREATION | Card: TES-COMP-789-20250228 | User: SYSTEM | Outcome: SUCCESS
2025-02-28 23:41:31 | CARD_CREATION | Card: TES-COMP-789-20250228-iUzlY5a3KNSx | User: SYSTEM-SECURE | Outcome: SUCCESS
2025-02-28 23:42:31 | CARD_CREATION | Card: TEST-DEC-1740760951863 | User: TEST-SUPERADMIN | Outcome: SUCCESS | system_info: Windows 11 | detailed_timestamp: 2025-02-28T23:42:31.8747681 | thread_name: Test worker | memory_usage_mb: 16 | system_version: 10.0 | java_version: 21.0.6 | application_version: 1.0.0
2025-03-01 07:42:31 | CARD_REVOCATION | Card: TEST-DEC-1740760951863 | User: TEST-SUPERADMIN | Outcome: SUCCESS | system_info: Windows 11 | detailed_timestamp: 2025-03-01T07:42:31.8747681 | thread_name: Test worker | memory_usage_mb: 16 | system_version: 10.0 | java_version: 21.0.6 | application_version: 1.0.0
2025-02-28 23:42:31 | CARD_MODIFICATION | Card: TEST-DEC-1740760951902 | User: TEST-ADMIN | Outcome: SUCCESS | modification_details: Added access to room 301 | system_info: Windows 11 | detailed_timestamp: 2025-02-28T23:42:31.9026434 | thread_name: Test worker | memory_usage_mb: 17 | system_version: 10.0 | java_version: 21.0.6 | application_version: 1.0.0
2025-02-28 23:42:31 | ACCESS_ATTEMPT | Card: TEST-DEC-1740760951907 | Location: TEST-ROOM | Outcome: SUCCESS | system_info: Windows 11 | detailed_timestamp: 2025-02-28T23:42:31.9076422 | thread_name: Test worker | memory_usage_mb: 17 | system_version: 10.0 | java_version: 21.0.6 | application_version: 1.0.0
2025-02-28 23:42:31 | CARD_CREATION | Card: ADM-ADM-001-20250228 | User: SYSTEM | Outcome: SUCCESS
2025-02-28 23:42:31 | CARD_CREATION | Card: VIS-VIS-001-20250228 | User: SYSTEM | Outcome: SUCCESS
2025-02-28 23:42:31 | CARD_CREATION | Card: ADM-ADM-001-20250228 | User: SYSTEM | Outcome: SUCCESS
2025-02-28 23:42:31 | CARD_CREATION | Card: VIS-VIS-001-20250228 | User: SYSTEM | Outcome: SUCCESS
2025-02-28 23:42:31 | CARD_CREATION | Card: ADM-ADM-001-20250228 | User: SYSTEM | Outcome: SUCCESS
2025-02-28 23:42:31 | CARD_CREATION | Card: VIS-VIS-001-20250228 | User: SYSTEM | Outcome: SUCCESS
2025-02-28 23:42:31 | CARD_CREATION | Card: ADM-ADM-001-20250228 | User: SYSTEM | Outcome: SUCCESS
2025-02-28 23:42:31 | CARD_CREATION | Card: VIS-VIS-001-20250228 | User: SYSTEM | Outcome: SUCCESS
2025-02-28 23:42:31 | CARD_CREATION | Card: ADM-ADM-001-20250228 | User: SYSTEM | Outcome: SUCCESS
2025-02-28 23:42:31 | CARD_CREATION | Card: VIS-VIS-001-20250228 | User: SYSTEM | Outcome: SUCCESS
2025-02-28 23:42:31 | CARD_CREATION | Card: ADM-ADMIN-001-20250228 | User: SYSTEM | Outcome: SUCCESS
2025-02-28 23:42:31 | CARD_CREATION | Card: EMP-EMP-001-20250228 | User: SYSTEM | Outcome: SUCCESS
2025-02-28 23:42:31 | CARD_CREATION | Card: VIS-VIS-001-20250228 | User: SYSTEM | Outcome: SUCCESS
2025-02-28 23:42:31 | ACCESS_ATTEMPT | Card: ADM-ADMIN-001-20250228 | Location: Floor: LOW | Outcome: SUCCESS
2025-02-28 23:42:31 | ACCESS_ATTEMPT | Card: EMP-EMP-001-20250228 | Location: Floor: LOW | Outcome: SUCCESS
2025-02-28 23:42:31 | ACCESS_ATTEMPT | Card: VIS-VIS-001-20250228 | Location: Floor: LOW | Outcome: SUCCESS
2025-02-28 23:42:31 | ACCESS_ATTEMPT | Card: ADM-ADMIN-001-20250228 | Location: Floor: LOW | Outcome: FAILURE
2025-02-28 23:42:31 | ACCESS_ATTEMPT | Card: EMP-EMP-001-20250228 | Location: Floor: LOW | Outcome: FAILURE
2025-02-28 23:42:31 | ACCESS_ATTEMPT | Card: VIS-VIS-001-20250228 | Location: Floor: LOW | Outcome: FAILURE
2025-02-28 23:42:31 | CARD_CREATION | Card: ADM-ADMIN-001-20250228 | User: SYSTEM | Outcome: SUCCESS
2025-02-28 23:42:31 | CARD_CREATION | Card: EMP-EMP-001-20250228 | User: SYSTEM | Outcome: SUCCESS
2025-02-28 23:42:31 | CARD_CREATION | Card: VIS-VIS-001-20250228 | User: SYSTEM | Outcome: SUCCESS
2025-02-28 23:42:31 | CARD_CREATION | Card: ADM-ADMIN-001-20250228 | User: SYSTEM | Outcome: SUCCESS
2025-02-28 23:42:31 | CARD_CREATION | Card: EMP-EMP-001-20250228 | User: SYSTEM | Outcome: SUCCESS
2025-02-28 23:42:31 | CARD_CREATION | Card: VIS-VIS-001-20250228 | User: SYSTEM | Outcome: SUCCESS
2025-02-28 23:42:31 | CARD_CREATION | Card: ADM-ADMIN-001-20250228 | User: SYSTEM | Outcome: SUCCESS
2025-02-28 23:42:31 | CARD_CREATION | Card: EMP-EMP-001-20250228 | User: SYSTEM | Outcome: SUCCESS
2025-02-28 23:42:31 | CARD_CREATION | Card: VIS-VIS-001-20250228 | User: SYSTEM | Outcome: SUCCESS
2025-02-28 23:42:32 | CARD_CREATION | Card: TEST-CARD-002 | User: TEST-ADMIN | Outcome: SUCCESS
2025-02-28 23:42:32 | CARD_MODIFICATION | Card: TEST-CARD-003 | User: TEST-MANAGER | Outcome: SUCCESS | modification_details: Added HIGH floor access
2025-02-28 23:52:32 | CARD_REVOCATION | Card: TEST-CARD-003 | User: TEST-MANAGER | Outcome: SUCCESS
2025-02-28 23:42:32 | ACCESS_ATTEMPT | Card: TEST-CARD-001 | Location: TEST-LOCATION | Outcome: SUCCESS
2025-02-28 23:42:32 | CARD_CREATION | Card: STA-STD-123-20250228 | User: SYSTEM | Outcome: SUCCESS
2025-02-28 23:42:32 | CARD_CREATION | Card: SEC-SEC-456-20250228-UAK+dEVMrYdH | User: SYSTEM-SECURE | Outcome: SUCCESS
2025-02-28 23:42:32 | CARD_CREATION | Card: TES-COMP-789-20250228 | User: SYSTEM | Outcome: SUCCESS
2025-02-28 23:42:32 | CARD_CREATION | Card: TES-COMP-789-20250228-iUzlY5a3KNSx | User: SYSTEM-SECURE | Outcome: SUCCESS
2025-03-01 17:46:57 | CARD_CREATION | Card: ADM-ADM-001-20250301 | User: SYSTEM | Outcome: SUCCESS
2025-03-01 17:46:57 | CARD_CREATION | Card: VIS-VIS-001-20250301 | User: SYSTEM | Outcome: SUCCESS
2025-03-01 17:46:57 | CARD_CREATION | Card: ADM-ADM-001-20250301 | User: SYSTEM | Outcome: SUCCESS
2025-03-01 17:46:57 | CARD_CREATION | Card: VIS-VIS-001-20250301 | User: SYSTEM | Outcome: SUCCESS
2025-03-01 17:46:57 | CARD_CREATION | Card: ADM-ADM-001-20250301 | User: SYSTEM | Outcome: SUCCESS
2025-03-01 17:46:57 | CARD_CREATION | Card: VIS-VIS-001-20250301 | User: SYSTEM | Outcome: SUCCESS
2025-03-01 17:46:57 | CARD_CREATION | Card: ADM-ADM-001-20250301 | User: SYSTEM | Outcome: SUCCESS
2025-03-01 17:46:57 | CARD_CREATION | Card: VIS-VIS-001-20250301 | User: SYSTEM | Outcome: SUCCESS
2025-03-01 17:46:57 | CARD_CREATION | Card: ADM-ADM-001-20250301 | User: SYSTEM | Outcome: SUCCESS
2025-03-01 17:46:57 | CARD_CREATION | Card: VIS-VIS-001-20250301 | User: SYSTEM | Outcome: SUCCESS
2025-03-01 17:46:57 | CARD_CREATION | Card: ADM-ADMIN-001-20250301 | User: SYSTEM | Outcome: SUCCESS
2025-03-01 17:46:57 | CARD_CREATION | Card: EMP-EMP-001-20250301 | User: SYSTEM | Outcome: SUCCESS
2025-03-01 17:46:57 | CARD_CREATION | Card: VIS-VIS-001-20250301 | User: SYSTEM | Outcome: SUCCESS
2025-03-01 17:46:57 | ACCESS_ATTEMPT | Card: ADM-ADMIN-001-20250301 | Location: Floor: LOW | Outcome: SUCCESS
2025-03-01 17:46:57 | ACCESS_ATTEMPT | Card: EMP-EMP-001-20250301 | Location: Floor: LOW | Outcome: SUCCESS
2025-03-01 17:46:57 | ACCESS_ATTEMPT | Card: VIS-VIS-001-20250301 | Location: Floor: LOW | Outcome: SUCCESS
2025-03-01 17:46:57 | ACCESS_ATTEMPT | Card: ADM-ADMIN-001-20250301 | Location: Floor: LOW | Outcome: FAILURE
2025-03-01 17:46:57 | ACCESS_ATTEMPT | Card: EMP-EMP-001-20250301 | Location: Floor: LOW | Outcome: FAILURE
2025-03-01 17:46:57 | ACCESS_ATTEMPT | Card: VIS-VIS-001-20250301 | Location: Floor: LOW | Outcome: FAILURE
2025-03-01 17:46:57 | CARD_CREATION | Card: ADM-ADMIN-001-20250301 | User: SYSTEM | Outcome: SUCCESS
2025-03-01 17:46:57 | CARD_CREATION | Card: EMP-EMP-001-20250301 | User: SYSTEM | Outcome: SUCCESS
2025-03-01 17:46:57 | CARD_CREATION | Card: VIS-VIS-001-20250301 | User: SYSTEM | Outcome: SUCCESS
2025-03-01 17:46:57 | CARD_CREATION | Card: ADM-ADMIN-001-20250301 | User: SYSTEM | Outcome: SUCCESS
2025-03-01 17:46:57 | CARD_CREATION | Card: EMP-EMP-001-20250301 | User: SYSTEM | Outcome: SUCCESS
2025-03-01 17:46:57 | CARD_CREATION | Card: VIS-VIS-001-20250301 | User: SYSTEM | Outcome: SUCCESS
2025-03-01 17:46:57 | CARD_CREATION | Card: ADM-ADMIN-001-20250301 | User: SYSTEM | Outcome: SUCCESS
2025-03-01 17:46:57 | CARD_CREATION | Card: EMP-EMP-001-20250301 | User: SYSTEM | Outcome: SUCCESS
2025-03-01 17:46:57 | CARD_CREATION | Card: VIS-VIS-001-20250301 | User: SYSTEM | Outcome: SUCCESS
2025-03-01 17:46:57 | CARD_CREATION | Card: TEST-CARD-002 | User: TEST-ADMIN | Outcome: SUCCESS
2025-03-01 17:46:57 | CARD_MODIFICATION | Card: TEST-CARD-003 | User: TEST-MANAGER | Outcome: SUCCESS | modification_details: Added HIGH floor access
2025-03-01 17:56:57 | CARD_REVOCATION | Card: TEST-CARD-003 | User: TEST-MANAGER | Outcome: SUCCESS
2025-03-01 17:46:57 | ACCESS_ATTEMPT | Card: TEST-CARD-001 | Location: TEST-LOCATION | Outcome: SUCCESS
2025-03-01 17:46:57 | CARD_CREATION | Card: TEST-DEC-1740826017288 | User: TEST-SUPERADMIN | Outcome: SUCCESS | system_info: Windows 11 | detailed_timestamp: 2025-03-01T17:46:57.2908381 | thread_name: Test worker | memory_usage_mb: 14 | system_version: 10.0 | java_version: 21.0.6 | application_version: 1.0.0
2025-03-02 01:46:57 | CARD_REVOCATION | Card: TEST-DEC-1740826017288 | User: TEST-SUPERADMIN | Outcome: SUCCESS | system_info: Windows 11 | detailed_timestamp: 2025-03-02T01:46:57.2908381 | thread_name: Test worker | memory_usage_mb: 14 | system_version: 10.0 | java_version: 21.0.6 | application_version: 1.0.0
2025-03-01 17:46:57 | CARD_MODIFICATION | Card: TEST-DEC-1740826017293 | User: TEST-ADMIN | Outcome: SUCCESS | modification_details: Added access to room 301 | system_info: Windows 11 | detailed_timestamp: 2025-03-01T17:46:57.2938376 | thread_name: Test worker | memory_usage_mb: 14 | system_version: 10.0 | java_version: 21.0.6 | application_version: 1.0.0
2025-03-01 17:46:57 | ACCESS_ATTEMPT | Card: TEST-DEC-1740826017294 | Location: TEST-ROOM | Outcome: SUCCESS | system_info: Windows 11 | detailed_timestamp: 2025-03-01T17:46:57.294841 | thread_name: Test worker | memory_usage_mb: 14 | system_version: 10.0 | java_version: 21.0.6 | application_version: 1.0.0
2025-03-01 17:46:57 | CARD_CREATION | Card: STA-STD-123-20250301 | User: SYSTEM | Outcome: SUCCESS
2025-03-01 17:46:57 | CARD_CREATION | Card: SEC-SEC-456-20250301-oZolKRV9CWHx | User: SYSTEM-SECURE | Outcome: SUCCESS
2025-03-01 17:46:57 | CARD_CREATION | Card: TES-COMP-789-20250301 | User: SYSTEM | Outcome: SUCCESS
2025-03-01 17:46:57 | CARD_CREATION | Card: TES-COMP-789-20250301-McU5B6yhkYhR | User: SYSTEM-SECURE | Outcome: SUCCESS
2025-03-01 17:47:59 | CARD_CREATION | Card: ADM-ADMIN-001-20250301 | User: SYSTEM | Outcome: SUCCESS
2025-03-01 17:47:59 | CARD_CREATION | Card: EMP-EMP-001-20250301 | User: SYSTEM | Outcome: SUCCESS
2025-03-01 17:47:59 | CARD_CREATION | Card: VIS-VIS-001-20250301 | User: SYSTEM | Outcome: SUCCESS
2025-03-01 17:47:59 | ACCESS_ATTEMPT | Card: ADM-ADMIN-001-20250301 | Location: Floor: LOW | Outcome: SUCCESS
2025-03-01 17:47:59 | ACCESS_ATTEMPT | Card: EMP-EMP-001-20250301 | Location: Floor: LOW | Outcome: SUCCESS
2025-03-01 17:47:59 | ACCESS_ATTEMPT | Card: VIS-VIS-001-20250301 | Location: Floor: LOW | Outcome: SUCCESS
2025-03-01 17:47:59 | ACCESS_ATTEMPT | Card: ADM-ADMIN-001-20250301 | Location: Floor: LOW | Outcome: FAILURE
2025-03-01 17:47:59 | ACCESS_ATTEMPT | Card: EMP-EMP-001-20250301 | Location: Floor: LOW | Outcome: FAILURE
2025-03-01 17:47:59 | ACCESS_ATTEMPT | Card: VIS-VIS-001-20250301 | Location: Floor: LOW | Outcome: FAILURE
2025-03-01 17:47:59 | CARD_CREATION | Card: ADM-ADMIN-001-20250301 | User: SYSTEM | Outcome: SUCCESS
2025-03-01 17:47:59 | CARD_CREATION | Card: EMP-EMP-001-20250301 | User: SYSTEM | Outcome: SUCCESS
2025-03-01 17:47:59 | CARD_CREATION | Card: VIS-VIS-001-20250301 | User: SYSTEM | Outcome: SUCCESS
2025-03-01 17:47:59 | CARD_CREATION | Card: ADM-ADMIN-001-20250301 | User: SYSTEM | Outcome: SUCCESS
2025-03-01 17:47:59 | CARD_CREATION | Card: EMP-EMP-001-20250301 | User: SYSTEM | Outcome: SUCCESS
2025-03-01 17:47:59 | CARD_CREATION | Card: VIS-VIS-001-20250301 | User: SYSTEM | Outcome: SUCCESS
2025-03-01 17:47:59 | CARD_CREATION | Card: ADM-ADMIN-001-20250301 | User: SYSTEM | Outcome: SUCCESS
2025-03-01 17:47:59 | CARD_CREATION | Card: EMP-EMP-001-20250301 | User: SYSTEM | Outcome: SUCCESS
2025-03-01 17:47:59 | CARD_CREATION | Card: VIS-VIS-001-20250301 | User: SYSTEM | Outcome: SUCCESS
2025-03-01 17:47:59 | CARD_CREATION | Card: ADM-ADM-001-20250301 | User: SYSTEM | Outcome: SUCCESS
2025-03-01 17:47:59 | CARD_CREATION | Card: VIS-VIS-001-20250301 | User: SYSTEM | Outcome: SUCCESS
2025-03-01 17:47:59 | CARD_CREATION | Card: ADM-ADM-001-20250301 | User: SYSTEM | Outcome: SUCCESS
2025-03-01 17:47:59 | CARD_CREATION | Card: VIS-VIS-001-20250301 | User: SYSTEM | Outcome: SUCCESS
2025-03-01 17:47:59 | CARD_CREATION | Card: ADM-ADM-001-20250301 | User: SYSTEM | Outcome: SUCCESS
2025-03-01 17:47:59 | CARD_CREATION | Card: VIS-VIS-001-20250301 | User: SYSTEM | Outcome: SUCCESS
2025-03-01 17:47:59 | CARD_CREATION | Card: ADM-ADM-001-20250301 | User: SYSTEM | Outcome: SUCCESS
2025-03-01 17:47:59 | CARD_CREATION | Card: VIS-VIS-001-20250301 | User: SYSTEM | Outcome: SUCCESS
2025-03-01 17:47:59 | CARD_CREATION | Card: ADM-ADM-001-20250301 | User: SYSTEM | Outcome: SUCCESS
2025-03-01 17:47:59 | CARD_CREATION | Card: VIS-VIS-001-20250301 | User: SYSTEM | Outcome: SUCCESS
2025-03-01 17:47:59 | CARD_CREATION | Card: TEST-CARD-002 | User: TEST-ADMIN | Outcome: SUCCESS
2025-03-01 17:47:59 | CARD_MODIFICATION | Card: TEST-CARD-003 | User: TEST-MANAGER | Outcome: SUCCESS | modification_details: Added HIGH floor access
2025-03-01 17:57:59 | CARD_REVOCATION | Card: TEST-CARD-003 | User: TEST-MANAGER | Outcome: SUCCESS
2025-03-01 17:47:59 | ACCESS_ATTEMPT | Card: TEST-CARD-001 | Location: TEST-LOCATION | Outcome: SUCCESS
2025-03-01 17:47:59 | CARD_CREATION | Card: TEST-DEC-1740826079969 | User: TEST-SUPERADMIN | Outcome: SUCCESS | system_info: Windows 11 | detailed_timestamp: 2025-03-01T17:47:59.9722389 | thread_name: Test worker | memory_usage_mb: 14 | system_version: 10.0 | java_version: 21.0.6 | application_version: 1.0.0
2025-03-02 01:47:59 | CARD_REVOCATION | Card: TEST-DEC-1740826079969 | User: TEST-SUPERADMIN | Outcome: SUCCESS | system_info: Windows 11 | detailed_timestamp: 2025-03-02T01:47:59.9722389 | thread_name: Test worker | memory_usage_mb: 14 | system_version: 10.0 | java_version: 21.0.6 | application_version: 1.0.0
2025-03-01 17:47:59 | CARD_MODIFICATION | Card: TEST-DEC-1740826079973 | User: TEST-ADMIN | Outcome: SUCCESS | modification_details: Added access to room 301 | system_info: Windows 11 | detailed_timestamp: 2025-03-01T17:47:59.9748458 | thread_name: Test worker | memory_usage_mb: 14 | system_version: 10.0 | java_version: 21.0.6 | application_version: 1.0.0
2025-03-01 17:47:59 | ACCESS_ATTEMPT | Card: TEST-DEC-1740826079975 | Location: TEST-ROOM | Outcome: SUCCESS | system_info: Windows 11 | detailed_timestamp: 2025-03-01T17:47:59.9758423 | thread_name: Test worker | memory_usage_mb: 14 | system_version: 10.0 | java_version: 21.0.6 | application_version: 1.0.0
2025-03-01 17:47:59 | CARD_CREATION | Card: STA-STD-123-20250301 | User: SYSTEM | Outcome: SUCCESS
2025-03-01 17:47:59 | CARD_CREATION | Card: SEC-SEC-456-20250301-oZolKRV9CWHx | User: SYSTEM-SECURE | Outcome: SUCCESS
2025-03-01 17:47:59 | CARD_CREATION | Card: TES-COMP-789-20250301 | User: SYSTEM | Outcome: SUCCESS
2025-03-01 17:47:59 | CARD_CREATION | Card: TES-COMP-789-20250301-McU5B6yhkYhR | User: SYSTEM-SECURE | Outcome: SUCCESS
2025-03-01 17:48:42 | CARD_CREATION | Card: ADM-ADMIN-001-20250301 | User: SYSTEM | Outcome: SUCCESS
2025-03-01 17:48:42 | CARD_CREATION | Card: EMP-EMP-001-20250301 | User: SYSTEM | Outcome: SUCCESS
2025-03-01 17:48:42 | CARD_CREATION | Card: VIS-VIS-001-20250301 | User: SYSTEM | Outcome: SUCCESS
2025-03-01 17:48:42 | ACCESS_ATTEMPT | Card: ADM-ADMIN-001-20250301 | Location: Floor: LOW | Outcome: SUCCESS
2025-03-01 17:48:42 | ACCESS_ATTEMPT | Card: EMP-EMP-001-20250301 | Location: Floor: LOW | Outcome: SUCCESS
2025-03-01 17:48:42 | ACCESS_ATTEMPT | Card: VIS-VIS-001-20250301 | Location: Floor: LOW | Outcome: SUCCESS
2025-03-01 17:48:42 | ACCESS_ATTEMPT | Card: ADM-ADMIN-001-20250301 | Location: Floor: LOW | Outcome: FAILURE
2025-03-01 17:48:42 | ACCESS_ATTEMPT | Card: EMP-EMP-001-20250301 | Location: Floor: LOW | Outcome: FAILURE
2025-03-01 17:48:42 | ACCESS_ATTEMPT | Card: VIS-VIS-001-20250301 | Location: Floor: LOW | Outcome: FAILURE
2025-03-01 17:48:42 | CARD_CREATION | Card: ADM-ADMIN-001-20250301 | User: SYSTEM | Outcome: SUCCESS
2025-03-01 17:48:42 | CARD_CREATION | Card: EMP-EMP-001-20250301 | User: SYSTEM | Outcome: SUCCESS
2025-03-01 17:48:42 | CARD_CREATION | Card: VIS-VIS-001-20250301 | User: SYSTEM | Outcome: SUCCESS
2025-03-01 17:48:42 | CARD_CREATION | Card: ADM-ADMIN-001-20250301 | User: SYSTEM | Outcome: SUCCESS
2025-03-01 17:48:42 | CARD_CREATION | Card: EMP-EMP-001-20250301 | User: SYSTEM | Outcome: SUCCESS
2025-03-01 17:48:42 | CARD_CREATION | Card: VIS-VIS-001-20250301 | User: SYSTEM | Outcome: SUCCESS
2025-03-01 17:48:42 | CARD_CREATION | Card: ADM-ADMIN-001-20250301 | User: SYSTEM | Outcome: SUCCESS
2025-03-01 17:48:42 | CARD_CREATION | Card: EMP-EMP-001-20250301 | User: SYSTEM | Outcome: SUCCESS
2025-03-01 17:48:42 | CARD_CREATION | Card: VIS-VIS-001-20250301 | User: SYSTEM | Outcome: SUCCESS
2025-03-01 17:48:42 | CARD_CREATION | Card: ADM-ADM-001-20250301 | User: SYSTEM | Outcome: SUCCESS
2025-03-01 17:48:42 | CARD_CREATION | Card: VIS-VIS-001-20250301 | User: SYSTEM | Outcome: SUCCESS
2025-03-01 17:48:42 | CARD_CREATION | Card: ADM-ADM-001-20250301 | User: SYSTEM | Outcome: SUCCESS
2025-03-01 17:48:42 | CARD_CREATION | Card: VIS-VIS-001-20250301 | User: SYSTEM | Outcome: SUCCESS
2025-03-01 17:48:42 | CARD_CREATION | Card: ADM-ADM-001-20250301 | User: SYSTEM | Outcome: SUCCESS
2025-03-01 17:48:42 | CARD_CREATION | Card: VIS-VIS-001-20250301 | User: SYSTEM | Outcome: SUCCESS
2025-03-01 17:48:42 | CARD_CREATION | Card: ADM-ADM-001-20250301 | User: SYSTEM | Outcome: SUCCESS
2025-03-01 17:48:42 | CARD_CREATION | Card: VIS-VIS-001-20250301 | User: SYSTEM | Outcome: SUCCESS
2025-03-01 17:48:42 | CARD_CREATION | Card: ADM-ADM-001-20250301 | User: SYSTEM | Outcome: SUCCESS
2025-03-01 17:48:42 | CARD_CREATION | Card: VIS-VIS-001-20250301 | User: SYSTEM | Outcome: SUCCESS
2025-03-01 17:48:42 | CARD_CREATION | Card: TEST-CARD-002 | User: TEST-ADMIN | Outcome: SUCCESS
2025-03-01 17:48:42 | CARD_MODIFICATION | Card: TEST-CARD-003 | User: TEST-MANAGER | Outcome: SUCCESS | modification_details: Added HIGH floor access
2025-03-01 17:58:42 | CARD_REVOCATION | Card: TEST-CARD-003 | User: TEST-MANAGER | Outcome: SUCCESS
2025-03-01 17:48:42 | ACCESS_ATTEMPT | Card: TEST-CARD-001 | Location: TEST-LOCATION | Outcome: SUCCESS
2025-03-01 17:48:42 | CARD_CREATION | Card: TEST-DEC-1740826122401 | User: TEST-SUPERADMIN | Outcome: SUCCESS | system_info: Windows 11 | detailed_timestamp: 2025-03-01T17:48:42.4037577 | thread_name: Test worker | memory_usage_mb: 13 | system_version: 10.0 | java_version: 21.0.6 | application_version: 1.0.0
2025-03-02 01:48:42 | CARD_REVOCATION | Card: TEST-DEC-1740826122401 | User: TEST-SUPERADMIN | Outcome: SUCCESS | system_info: Windows 11 | detailed_timestamp: 2025-03-02T01:48:42.4037577 | thread_name: Test worker | memory_usage_mb: 13 | system_version: 10.0 | java_version: 21.0.6 | application_version: 1.0.0
2025-03-01 17:48:42 | CARD_MODIFICATION | Card: TEST-DEC-1740826122405 | User: TEST-ADMIN | Outcome: SUCCESS | modification_details: Added access to room 301 | system_info: Windows 11 | detailed_timestamp: 2025-03-01T17:48:42.4057607 | thread_name: Test worker | memory_usage_mb: 13 | system_version: 10.0 | java_version: 21.0.6 | application_version: 1.0.0
2025-03-01 17:48:42 | ACCESS_ATTEMPT | Card: TEST-DEC-1740826122406 | Location: TEST-ROOM | Outcome: SUCCESS | system_info: Windows 11 | detailed_timestamp: 2025-03-01T17:48:42.4067476 | thread_name: Test worker | memory_usage_mb: 13 | system_version: 10.0 | java_version: 21.0.6 | application_version: 1.0.0
2025-03-01 17:48:42 | CARD_CREATION | Card: STA-STD-123-20250301 | User: SYSTEM | Outcome: SUCCESS
2025-03-01 17:48:42 | CARD_CREATION | Card: SEC-SEC-456-20250301-oZolKRV9CWHx | User: SYSTEM-SECURE | Outcome: SUCCESS
2025-03-01 17:48:42 | CARD_CREATION | Card: TES-COMP-789-20250301 | User: SYSTEM | Outcome: SUCCESS
2025-03-01 17:48:42 | CARD_CREATION | Card: TES-COMP-789-20250301-McU5B6yhkYhR | User: SYSTEM-SECURE | Outcome: SUCCESS
2025-03-01 17:51:12 | CARD_CREATION | Card: ADM-ADM-001-20250301-NBC0dTKHMD/H | User: SYSTEM-SECURE | Outcome: SUCCESS
2025-03-01 17:51:12 | CARD_CREATION | Card: ADM-ADM-001-20250301-NBC0dTKHMD/H | User: SYSTEM | Outcome: SUCCESS | system_info: Windows 11 | detailed_timestamp: 2025-03-01T17:51:12.5863956 | thread_name: main | memory_usage_mb: 6 | system_version: 10.0 | java_version: 21.0.6 | application_version: 1.0.0
2025-03-01 17:51:12 | CARD_CREATION | Card: MAN-MGR-001-20250301 | User: SYSTEM | Outcome: SUCCESS
2025-03-01 17:51:12 | CARD_CREATION | Card: MAN-MGR-001-20250301 | User: SYSTEM | Outcome: SUCCESS | system_info: Windows 11 | detailed_timestamp: 2025-03-01T17:51:12.5884021 | thread_name: main | memory_usage_mb: 6 | system_version: 10.0 | java_version: 21.0.6 | application_version: 1.0.0
2025-03-01 17:51:12 | CARD_CREATION | Card: EMP-EMP-001-20250301 | User: SYSTEM | Outcome: SUCCESS
2025-03-01 17:51:12 | CARD_CREATION | Card: EMP-EMP-001-20250301 | User: SYSTEM | Outcome: SUCCESS | system_info: Windows 11 | detailed_timestamp: 2025-03-01T17:51:12.590406 | thread_name: main | memory_usage_mb: 6 | system_version: 10.0 | java_version: 21.0.6 | application_version: 1.0.0
2025-03-01 17:51:12 | CARD_CREATION | Card: VIS-VIS-001-20250301 | User: SYSTEM | Outcome: SUCCESS
2025-03-01 17:51:12 | CARD_CREATION | Card: VIS-VIS-001-20250301 | User: SYSTEM | Outcome: SUCCESS | system_info: Windows 11 | detailed_timestamp: 2025-03-01T17:51:12.5914149 | thread_name: main | memory_usage_mb: 6 | system_version: 10.0 | java_version: 21.0.6 | application_version: 1.0.0
